Info: Starting: Create block symbol file (.bsf)
Info: qsys-generate I:\ECE554\DE1_SOC_Linux_FB\soc_system.qsys --block-symbol-file --output-directory=I:\ECE554\DE1_SOC_Linux_FB\soc_system --family="Cyclone V" --part=5CSEMA5F31C6
Progress: Loading DE1_SOC_Linux_FB/soc_system.qsys
Progress: Reading input file
Progress: Adding alt_vip_cl_cvo_0 [alt_vip_cl_cvo 24.1]
Progress: Parameterizing module alt_vip_cl_cvo_0
Progress: Adding alt_vip_cl_vfb_0 [alt_vip_cl_vfb 24.1]
Progress: Parameterizing module alt_vip_cl_vfb_0
Progress: Adding button_pio [altera_avalon_pio 24.1]
Progress: Parameterizing module button_pio
Progress: Adding clk_0 [clock_source 24.1]
Progress: Parameterizing module clk_0
Progress: Adding clock_bridge_0 [altera_clock_bridge 24.1]
Progress: Parameterizing module clock_bridge_0
Progress: Adding dipsw_pio [altera_avalon_pio 24.1]
Progress: Parameterizing module dipsw_pio
Progress: Adding hps_0 [altera_hps 24.1]
Progress: Parameterizing module hps_0
Progress: Adding intr_capturer_0 [intr_capturer 100.99.98.97]
Progress: Parameterizing module intr_capturer_0
Progress: Adding jtag_uart [altera_avalon_jtag_uart 24.1]
Progress: Parameterizing module jtag_uart
Progress: Adding led_pio [altera_avalon_pio 24.1]
Progress: Parameterizing module led_pio
Progress: Adding master_non_sec [altera_jtag_avalon_master 24.1]
Progress: Parameterizing module master_non_sec
Progress: Adding master_secure [altera_jtag_avalon_master 24.1]
Progress: Parameterizing module master_secure
Progress: Adding onchip_memory2_0 [altera_avalon_onchip_memory2 24.1]
Progress: Parameterizing module onchip_memory2_0
Progress: Adding sysid_qsys [altera_avalon_sysid_qsys 24.1]
Progress: Parameterizing module sysid_qsys
Progress: Building connections
Progress: Parameterizing connections
Progress: Validating
Progress: Done reading input file
Info: soc_system.alt_vip_cl_vfb_0: Buffer 3 frames, storage required is 9216 kB (0x00000000 to 0x00900000)
Info: soc_system.button_pio: PIO inputs are not hardwired in test bench. Undefined values will be read from PIO inputs during simulation.
Info: soc_system.dipsw_pio: PIO inputs are not hardwired in test bench. Undefined values will be read from PIO inputs during simulation.
Info: soc_system.hps_0: HPS Main PLL counter settings: n = 0  m = 73
Info: soc_system.hps_0: HPS peripherial PLL counter settings: n = 0  m = 39
Warning: soc_system.hps_0: "Configuration/HPS-to-FPGA user 0 clock frequency" (desired_cfg_clk_mhz) requested 100.0 MHz, but only achieved 97.368421 MHz
Warning: soc_system.hps_0: "QSPI clock frequency" (desired_qspi_clk_mhz) requested 400.0 MHz, but only achieved 370.0 MHz
Warning: soc_system.hps_0: 1 or more output clock frequencies cannot be achieved precisely, consider revising desired output clock frequencies.
Warning: soc_system.hps_0: HPS model no longer supports simulation for HPS FPGA Bridges.
Info: soc_system.hps_0: Ensure that valid Cortex A9 boot code is available to the HPS system when enabling boot from FPGA and h2f_axi_master interface is connecting to slave component start at address 0x0.
Info: soc_system.jtag_uart: JTAG UART IP input clock need to be at least double (2x) the operating frequency of JTAG TCK on board
Info: soc_system.sysid_qsys: System ID is not assigned automatically. Edit the System ID parameter to provide a unique ID
Info: soc_system.sysid_qsys: Time stamp will be automatically updated when this component is generated.
Warning: soc_system.hps_0: hps_0.f2h_boot_from_fpga must be exported, or connected to a matching conduit.
Info: qsys-generate succeeded.
Info: Finished: Create block symbol file (.bsf)
Info: 
Info: Starting: Create HDL design files for synthesis
Info: qsys-generate I:\ECE554\DE1_SOC_Linux_FB\soc_system.qsys --synthesis=VERILOG --output-directory=I:\ECE554\DE1_SOC_Linux_FB\soc_system\synthesis --family="Cyclone V" --part=5CSEMA5F31C6
Progress: Loading DE1_SOC_Linux_FB/soc_system.qsys
Progress: Reading input file
Progress: Adding alt_vip_cl_cvo_0 [alt_vip_cl_cvo 24.1]
Progress: Parameterizing module alt_vip_cl_cvo_0
Progress: Adding alt_vip_cl_vfb_0 [alt_vip_cl_vfb 24.1]
Progress: Parameterizing module alt_vip_cl_vfb_0
Progress: Adding button_pio [altera_avalon_pio 24.1]
Progress: Parameterizing module button_pio
Progress: Adding clk_0 [clock_source 24.1]
Progress: Parameterizing module clk_0
Progress: Adding clock_bridge_0 [altera_clock_bridge 24.1]
Progress: Parameterizing module clock_bridge_0
Progress: Adding dipsw_pio [altera_avalon_pio 24.1]
Progress: Parameterizing module dipsw_pio
Progress: Adding hps_0 [altera_hps 24.1]
Progress: Parameterizing module hps_0
Progress: Adding intr_capturer_0 [intr_capturer 100.99.98.97]
Progress: Parameterizing module intr_capturer_0
Progress: Adding jtag_uart [altera_avalon_jtag_uart 24.1]
Progress: Parameterizing module jtag_uart
Progress: Adding led_pio [altera_avalon_pio 24.1]
Progress: Parameterizing module led_pio
Progress: Adding master_non_sec [altera_jtag_avalon_master 24.1]
Progress: Parameterizing module master_non_sec
Progress: Adding master_secure [altera_jtag_avalon_master 24.1]
Progress: Parameterizing module master_secure
Progress: Adding onchip_memory2_0 [altera_avalon_onchip_memory2 24.1]
Progress: Parameterizing module onchip_memory2_0
Progress: Adding sysid_qsys [altera_avalon_sysid_qsys 24.1]
Progress: Parameterizing module sysid_qsys
Progress: Building connections
Progress: Parameterizing connections
Progress: Validating
Progress: Done reading input file
Info: soc_system.alt_vip_cl_vfb_0: Buffer 3 frames, storage required is 9216 kB (0x00000000 to 0x00900000)
Info: soc_system.button_pio: PIO inputs are not hardwired in test bench. Undefined values will be read from PIO inputs during simulation.
Info: soc_system.dipsw_pio: PIO inputs are not hardwired in test bench. Undefined values will be read from PIO inputs during simulation.
Info: soc_system.hps_0: HPS Main PLL counter settings: n = 0  m = 73
Info: soc_system.hps_0: HPS peripherial PLL counter settings: n = 0  m = 39
Warning: soc_system.hps_0: "Configuration/HPS-to-FPGA user 0 clock frequency" (desired_cfg_clk_mhz) requested 100.0 MHz, but only achieved 97.368421 MHz
Warning: soc_system.hps_0: "QSPI clock frequency" (desired_qspi_clk_mhz) requested 400.0 MHz, but only achieved 370.0 MHz
Warning: soc_system.hps_0: 1 or more output clock frequencies cannot be achieved precisely, consider revising desired output clock frequencies.
Warning: soc_system.hps_0: HPS model no longer supports simulation for HPS FPGA Bridges.
Info: soc_system.hps_0: Ensure that valid Cortex A9 boot code is available to the HPS system when enabling boot from FPGA and h2f_axi_master interface is connecting to slave component start at address 0x0.
Info: soc_system.jtag_uart: JTAG UART IP input clock need to be at least double (2x) the operating frequency of JTAG TCK on board
Info: soc_system.sysid_qsys: System ID is not assigned automatically. Edit the System ID parameter to provide a unique ID
Info: soc_system.sysid_qsys: Time stamp will be automatically updated when this component is generated.
Warning: soc_system.hps_0: hps_0.f2h_boot_from_fpga must be exported, or connected to a matching conduit.
Info: soc_system: Generating "soc_system" for QUARTUS_SYNTH
Info: Inserting clock-crossing logic between cmd_demux.src1 and cmd_mux_001.sink0
Info: Inserting clock-crossing logic between cmd_demux_001.src1 and cmd_mux_001.sink1
Info: Inserting clock-crossing logic between rsp_demux_001.src0 and rsp_mux.sink1
Info: Inserting clock-crossing logic between rsp_demux_001.src1 and rsp_mux_001.sink1
Warning: hps_0.f2h_irq0: Cannot connect clock for irq_mapper.sender
Warning: hps_0.f2h_irq0: Cannot connect reset for irq_mapper.sender
Warning: hps_0.f2h_irq1: Cannot connect clock for irq_mapper_001.sender
Warning: hps_0.f2h_irq1: Cannot connect reset for irq_mapper_001.sender
Info: alt_vip_cl_cvo_0: "soc_system" instantiated alt_vip_cl_cvo "alt_vip_cl_cvo_0"
Info: alt_vip_cl_vfb_0: "soc_system" instantiated alt_vip_cl_vfb "alt_vip_cl_vfb_0"
Info: button_pio: Starting RTL generation for module 'soc_system_button_pio'
Info: button_pio:   Generation command is [exec cmd /c {set LC_ALL=C&& C:/intelfpga_lite/24.1std/quartus/bin64/perl/bin/perl.exe -I C:/intelfpga_lite/24.1std/quartus/bin64/perl/lib -I C:/intelfpga_lite/24.1std/quartus/sopc_builder/bin/europa -I C:/intelfpga_lite/24.1std/quartus/sopc_builder/bin -I C:/intelfpga_lite/24.1std/quartus/../ip/altera/sopc_builder_ip/common -I C:/intelfpga_lite/24.1std/quartus/../ip/altera/sopc_builder_ip/altera_avalon_pio -- C:/intelfpga_lite/24.1std/quartus/../ip/altera/sopc_builder_ip/altera_avalon_pio/generate_rtl.pl --name=soc_system_button_pio --dir=C:/Users/deapen/AppData/Local/Temp/alt0539_5571691157296731462.dir/0002_button_pio_gen/ --quartus_dir=C:/intelfpga_lite/24.1std/quartus --verilog --config=C:/Users/deapen/AppData/Local/Temp/alt0539_5571691157296731462.dir/0002_button_pio_gen//soc_system_button_pio_component_configuration.pl --do_build_sim=0}]
Info: button_pio: Done RTL generation for module 'soc_system_button_pio'
Info: button_pio: "soc_system" instantiated altera_avalon_pio "button_pio"
Info: dipsw_pio: Starting RTL generation for module 'soc_system_dipsw_pio'
Info: dipsw_pio:   Generation command is [exec cmd /c {set LC_ALL=C&& C:/intelfpga_lite/24.1std/quartus/bin64/perl/bin/perl.exe -I C:/intelfpga_lite/24.1std/quartus/bin64/perl/lib -I C:/intelfpga_lite/24.1std/quartus/sopc_builder/bin/europa -I C:/intelfpga_lite/24.1std/quartus/sopc_builder/bin -I C:/intelfpga_lite/24.1std/quartus/../ip/altera/sopc_builder_ip/common -I C:/intelfpga_lite/24.1std/quartus/../ip/altera/sopc_builder_ip/altera_avalon_pio -- C:/intelfpga_lite/24.1std/quartus/../ip/altera/sopc_builder_ip/altera_avalon_pio/generate_rtl.pl --name=soc_system_dipsw_pio --dir=C:/Users/deapen/AppData/Local/Temp/alt0539_5571691157296731462.dir/0003_dipsw_pio_gen/ --quartus_dir=C:/intelfpga_lite/24.1std/quartus --verilog --config=C:/Users/deapen/AppData/Local/Temp/alt0539_5571691157296731462.dir/0003_dipsw_pio_gen//soc_system_dipsw_pio_component_configuration.pl --do_build_sim=0}]
Info: dipsw_pio: Done RTL generation for module 'soc_system_dipsw_pio'
Info: dipsw_pio: "soc_system" instantiated altera_avalon_pio "dipsw_pio"
Info: hps_0: "Running  for module: hps_0"
Info: hps_0: HPS Main PLL counter settings: n = 0  m = 73
Info: hps_0: HPS peripherial PLL counter settings: n = 0  m = 39
Warning: hps_0: "Configuration/HPS-to-FPGA user 0 clock frequency" (desired_cfg_clk_mhz) requested 100.0 MHz, but only achieved 97.368421 MHz
Warning: hps_0: "QSPI clock frequency" (desired_qspi_clk_mhz) requested 400.0 MHz, but only achieved 370.0 MHz
Warning: hps_0: 1 or more output clock frequencies cannot be achieved precisely, consider revising desired output clock frequencies.
Warning: hps_0: HPS model no longer supports simulation for HPS FPGA Bridges.
Info: hps_0: Ensure that valid Cortex A9 boot code is available to the HPS system when enabling boot from FPGA and h2f_axi_master interface is connecting to slave component start at address 0x0.
Info: hps_0: "soc_system" instantiated altera_hps "hps_0"
Info: intr_capturer_0: "soc_system" instantiated intr_capturer "intr_capturer_0"
Info: jtag_uart: "soc_system" instantiated altera_avalon_jtag_uart "jtag_uart"
Info: led_pio: Starting RTL generation for module 'soc_system_led_pio'
Info: led_pio:   Generation command is [exec cmd /c {set LC_ALL=C&& C:/intelfpga_lite/24.1std/quartus/bin64/perl/bin/perl.exe -I C:/intelfpga_lite/24.1std/quartus/bin64/perl/lib -I C:/intelfpga_lite/24.1std/quartus/sopc_builder/bin/europa -I C:/intelfpga_lite/24.1std/quartus/sopc_builder/bin -I C:/intelfpga_lite/24.1std/quartus/../ip/altera/sopc_builder_ip/common -I C:/intelfpga_lite/24.1std/quartus/../ip/altera/sopc_builder_ip/altera_avalon_pio -- C:/intelfpga_lite/24.1std/quartus/../ip/altera/sopc_builder_ip/altera_avalon_pio/generate_rtl.pl --name=soc_system_led_pio --dir=C:/Users/deapen/AppData/Local/Temp/alt0539_5571691157296731462.dir/0006_led_pio_gen/ --quartus_dir=C:/intelfpga_lite/24.1std/quartus --verilog --config=C:/Users/deapen/AppData/Local/Temp/alt0539_5571691157296731462.dir/0006_led_pio_gen//soc_system_led_pio_component_configuration.pl --do_build_sim=0}]
Info: led_pio: Done RTL generation for module 'soc_system_led_pio'
Info: led_pio: "soc_system" instantiated altera_avalon_pio "led_pio"
Info: master_non_sec: "soc_system" instantiated altera_jtag_avalon_master "master_non_sec"
Info: onchip_memory2_0: Starting RTL generation for module 'soc_system_onchip_memory2_0'
Info: onchip_memory2_0:   Generation command is [exec cmd /c {set LC_ALL=C&& C:/intelfpga_lite/24.1std/quartus/bin64/perl/bin/perl.exe -I C:/intelfpga_lite/24.1std/quartus/bin64/perl/lib -I C:/intelfpga_lite/24.1std/quartus/sopc_builder/bin/europa -I C:/intelfpga_lite/24.1std/quartus/sopc_builder/bin -I C:/intelfpga_lite/24.1std/quartus/../ip/altera/sopc_builder_ip/common -I C:/intelfpga_lite/24.1std/quartus/../ip/altera/sopc_builder_ip/altera_avalon_onchip_memory2 -- C:/intelfpga_lite/24.1std/quartus/../ip/altera/sopc_builder_ip/altera_avalon_onchip_memory2/generate_rtl.pl --name=soc_system_onchip_memory2_0 --dir=C:/Users/deapen/AppData/Local/Temp/alt0539_5571691157296731462.dir/0007_onchip_memory2_0_gen/ --quartus_dir=C:/intelfpga_lite/24.1std/quartus --verilog --config=C:/Users/deapen/AppData/Local/Temp/alt0539_5571691157296731462.dir/0007_onchip_memory2_0_gen//soc_system_onchip_memory2_0_component_configuration.pl --do_build_sim=0}]
Info: onchip_memory2_0: Done RTL generation for module 'soc_system_onchip_memory2_0'
Info: onchip_memory2_0: "soc_system" instantiated altera_avalon_onchip_memory2 "onchip_memory2_0"
Info: sysid_qsys: "soc_system" instantiated altera_avalon_sysid_qsys "sysid_qsys"
Info: avalon_st_adapter: Inserting error_adapter: error_adapter_0
Info: avalon_st_adapter_001: Inserting error_adapter: error_adapter_0
Info: avalon_st_adapter_002: Inserting error_adapter: error_adapter_0
Info: avalon_st_adapter_003: Inserting error_adapter: error_adapter_0
Info: avalon_st_adapter_004: Inserting error_adapter: error_adapter_0
Info: avalon_st_adapter_005: Inserting error_adapter: error_adapter_0
Info: avalon_st_adapter_006: Inserting error_adapter: error_adapter_0
Info: avalon_st_adapter_007: Inserting error_adapter: error_adapter_0
Info: mm_interconnect_0: "soc_system" instantiated altera_mm_interconnect "mm_interconnect_0"
Info: mm_interconnect_1: "soc_system" instantiated altera_mm_interconnect "mm_interconnect_1"
Info: irq_mapper: "soc_system" instantiated altera_irq_mapper "irq_mapper"
Info: irq_mapper_001: "soc_system" instantiated altera_irq_mapper "irq_mapper_001"
Info: irq_synchronizer: "soc_system" instantiated altera_irq_clock_crosser "irq_synchronizer"
Info: rst_controller: "soc_system" instantiated altera_reset_controller "rst_controller"
Info: video_in: "alt_vip_cl_cvo_0" instantiated alt_vip_video_input_bridge "video_in"
Info: scheduler: "alt_vip_cl_cvo_0" instantiated alt_vip_cvo_scheduler "scheduler"
Info: sop_align: "alt_vip_cl_cvo_0" instantiated alt_vip_pip_sop_realign "sop_align"
Info: Reusing file I:/ECE554/DE1_SOC_Linux_FB/soc_system/synthesis/submodules/common/alt_vip_common_pkg.sv
Info: Reusing file I:/ECE554/DE1_SOC_Linux_FB/soc_system/synthesis/submodules/modules/alt_vip_common_event_packet_decode/src_hdl/alt_vip_common_event_packet_decode.sv
Info: Reusing file I:/ECE554/DE1_SOC_Linux_FB/soc_system/synthesis/submodules/modules/alt_vip_common_event_packet_encode/src_hdl/alt_vip_common_event_packet_encode.sv
Info: cvo_core: "alt_vip_cl_cvo_0" instantiated alt_vip_cvo_core "cvo_core"
Info: Reusing file I:/ECE554/DE1_SOC_Linux_FB/soc_system/synthesis/submodules/common/alt_vip_common_pkg.sv
Info: Reusing file I:/ECE554/DE1_SOC_Linux_FB/soc_system/synthesis/submodules/modules/alt_vip_common_event_packet_encode/src_hdl/alt_vip_common_event_packet_encode.sv
Info: Reusing file I:/ECE554/DE1_SOC_Linux_FB/soc_system/synthesis/submodules/modules/alt_vip_common_event_packet_decode/src_hdl/alt_vip_common_event_packet_decode.sv
Info: rd_ctrl: "alt_vip_cl_vfb_0" instantiated alt_vip_vfb_rd_ctrl "rd_ctrl"
Info: Reusing file I:/ECE554/DE1_SOC_Linux_FB/soc_system/synthesis/submodules/common/alt_vip_common_pkg.sv
Info: Reusing file I:/ECE554/DE1_SOC_Linux_FB/soc_system/synthesis/submodules/modules/alt_vip_common_event_packet_decode/src_hdl/alt_vip_common_event_packet_decode.sv
Info: Reusing file I:/ECE554/DE1_SOC_Linux_FB/soc_system/synthesis/submodules/modules/alt_vip_common_event_packet_encode/src_hdl/alt_vip_common_event_packet_encode.sv
Info: video_out: "alt_vip_cl_vfb_0" instantiated alt_vip_video_output_bridge "video_out"
Info: Reusing file I:/ECE554/DE1_SOC_Linux_FB/soc_system/synthesis/submodules/common/alt_vip_common_pkg.sv
Info: Reusing file I:/ECE554/DE1_SOC_Linux_FB/soc_system/synthesis/submodules/modules/alt_vip_common_event_packet_decode/src_hdl/alt_vip_common_event_packet_decode.sv
Info: Reusing file I:/ECE554/DE1_SOC_Linux_FB/soc_system/synthesis/submodules/modules/alt_vip_common_event_packet_encode/src_hdl/alt_vip_common_event_packet_encode.sv
Info: Reusing file I:/ECE554/DE1_SOC_Linux_FB/soc_system/synthesis/submodules/modules/alt_vip_common_sop_align/src_hdl/alt_vip_common_sop_align.sv
Info: pkt_trans_rd: "alt_vip_cl_vfb_0" instantiated alt_vip_packet_transfer "pkt_trans_rd"
Info: Reusing file I:/ECE554/DE1_SOC_Linux_FB/soc_system/synthesis/submodules/common/alt_vip_common_pkg.sv
Info: Reusing file I:/ECE554/DE1_SOC_Linux_FB/soc_system/synthesis/submodules/modules/alt_vip_common_event_packet_decode/src_hdl/alt_vip_common_event_packet_decode.sv
Info: Reusing file I:/ECE554/DE1_SOC_Linux_FB/soc_system/synthesis/submodules/modules/alt_vip_common_event_packet_encode/src_hdl/alt_vip_common_event_packet_encode.sv
Info: sync_ctrl: "alt_vip_cl_vfb_0" instantiated alt_vip_vfb_sync_ctrl "sync_ctrl"
Info: Reusing file I:/ECE554/DE1_SOC_Linux_FB/soc_system/synthesis/submodules/common/alt_vip_common_pkg.sv
Info: Reusing file I:/ECE554/DE1_SOC_Linux_FB/soc_system/synthesis/submodules/modules/alt_vip_common_event_packet_decode/src_hdl/alt_vip_common_event_packet_decode.sv
Info: Reusing file I:/ECE554/DE1_SOC_Linux_FB/soc_system/synthesis/submodules/modules/alt_vip_common_event_packet_encode/src_hdl/alt_vip_common_event_packet_encode.sv
Info: fpga_interfaces: "hps_0" instantiated altera_interface_generator "fpga_interfaces"
Info: hps_io: "hps_0" instantiated altera_hps_io "hps_io"
Info: jtag_phy_embedded_in_jtag_master: "master_non_sec" instantiated altera_jtag_dc_streaming "jtag_phy_embedded_in_jtag_master"
Info: timing_adt: "master_non_sec" instantiated timing_adapter "timing_adt"
Info: fifo: "master_non_sec" instantiated altera_avalon_sc_fifo "fifo"
Info: b2p: "master_non_sec" instantiated altera_avalon_st_bytes_to_packets "b2p"
Info: p2b: "master_non_sec" instantiated altera_avalon_st_packets_to_bytes "p2b"
Info: transacto: "master_non_sec" instantiated altera_avalon_packets_to_master "transacto"
Info: b2p_adapter: "master_non_sec" instantiated channel_adapter "b2p_adapter"
Info: p2b_adapter: "master_non_sec" instantiated channel_adapter "p2b_adapter"
Info: master_non_sec_master_translator: "mm_interconnect_0" instantiated altera_merlin_master_translator "master_non_sec_master_translator"
Info: jtag_uart_avalon_jtag_slave_translator: "mm_interconnect_0" instantiated altera_merlin_slave_translator "jtag_uart_avalon_jtag_slave_translator"
Info: hps_0_h2f_lw_axi_master_agent: "mm_interconnect_0" instantiated altera_merlin_axi_master_ni "hps_0_h2f_lw_axi_master_agent"
Info: master_non_sec_master_agent: "mm_interconnect_0" instantiated altera_merlin_master_agent "master_non_sec_master_agent"
Info: jtag_uart_avalon_jtag_slave_agent: "mm_interconnect_0" instantiated altera_merlin_slave_agent "jtag_uart_avalon_jtag_slave_agent"
Info: router: "mm_interconnect_0" instantiated altera_merlin_router "router"
Info: router_002: "mm_interconnect_0" instantiated altera_merlin_router "router_002"
Info: router_003: "mm_interconnect_0" instantiated altera_merlin_router "router_003"
Info: router_004: "mm_interconnect_0" instantiated altera_merlin_router "router_004"
Info: router_010: "mm_interconnect_0" instantiated altera_merlin_router "router_010"
Info: hps_0_h2f_lw_axi_master_wr_limiter: "mm_interconnect_0" instantiated altera_merlin_traffic_limiter "hps_0_h2f_lw_axi_master_wr_limiter"
Info: Reusing file I:/ECE554/DE1_SOC_Linux_FB/soc_system/synthesis/submodules/altera_avalon_sc_fifo.v
Info: Reusing file I:/ECE554/DE1_SOC_Linux_FB/soc_system/synthesis/submodules/altera_avalon_st_pipeline_base.v
Info: jtag_uart_avalon_jtag_slave_burst_adapter: "mm_interconnect_0" instantiated altera_merlin_burst_adapter "jtag_uart_avalon_jtag_slave_burst_adapter"
Info: Reusing file I:/ECE554/DE1_SOC_Linux_FB/soc_system/synthesis/submodules/altera_merlin_address_alignment.sv
Info: Reusing file I:/ECE554/DE1_SOC_Linux_FB/soc_system/synthesis/submodules/altera_avalon_st_pipeline_stage.sv
Info: Reusing file I:/ECE554/DE1_SOC_Linux_FB/soc_system/synthesis/submodules/altera_avalon_st_pipeline_base.v
Info: cmd_demux: "mm_interconnect_0" instantiated altera_merlin_demultiplexer "cmd_demux"
Info: cmd_demux_002: "mm_interconnect_0" instantiated altera_merlin_demultiplexer "cmd_demux_002"
Info: cmd_mux: "mm_interconnect_0" instantiated altera_merlin_multiplexer "cmd_mux"
Info: cmd_mux_001: "mm_interconnect_0" instantiated altera_merlin_multiplexer "cmd_mux_001"
Info: Reusing file I:/ECE554/DE1_SOC_Linux_FB/soc_system/synthesis/submodules/altera_merlin_arbitrator.sv
Info: cmd_mux_007: "mm_interconnect_0" instantiated altera_merlin_multiplexer "cmd_mux_007"
Info: Reusing file I:/ECE554/DE1_SOC_Linux_FB/soc_system/synthesis/submodules/altera_merlin_arbitrator.sv
Info: rsp_demux: "mm_interconnect_0" instantiated altera_merlin_demultiplexer "rsp_demux"
Info: rsp_demux_001: "mm_interconnect_0" instantiated altera_merlin_demultiplexer "rsp_demux_001"
Info: rsp_demux_006: "mm_interconnect_0" instantiated altera_merlin_demultiplexer "rsp_demux_006"
Info: rsp_demux_007: "mm_interconnect_0" instantiated altera_merlin_demultiplexer "rsp_demux_007"
Info: rsp_mux: "mm_interconnect_0" instantiated altera_merlin_multiplexer "rsp_mux"
Info: Reusing file I:/ECE554/DE1_SOC_Linux_FB/soc_system/synthesis/submodules/altera_merlin_arbitrator.sv
Info: rsp_mux_002: "mm_interconnect_0" instantiated altera_merlin_multiplexer "rsp_mux_002"
Info: Reusing file I:/ECE554/DE1_SOC_Linux_FB/soc_system/synthesis/submodules/altera_merlin_arbitrator.sv
Info: crosser: "mm_interconnect_0" instantiated altera_avalon_st_handshake_clock_crosser "crosser"
Info: Reusing file I:/ECE554/DE1_SOC_Linux_FB/soc_system/synthesis/submodules/altera_avalon_st_clock_crosser.v
Info: Reusing file I:/ECE554/DE1_SOC_Linux_FB/soc_system/synthesis/submodules/altera_avalon_st_pipeline_base.v
Info: Reusing file I:/ECE554/DE1_SOC_Linux_FB/soc_system/synthesis/submodules/altera_std_synchronizer_nocut.v
Info: avalon_st_adapter: "mm_interconnect_0" instantiated altera_avalon_st_adapter "avalon_st_adapter"
Info: hps_0_f2h_axi_slave_agent: "mm_interconnect_1" instantiated altera_merlin_axi_slave_ni "hps_0_f2h_axi_slave_agent"
Info: Reusing file I:/ECE554/DE1_SOC_Linux_FB/soc_system/synthesis/submodules/altera_merlin_burst_uncompressor.sv
Info: Reusing file I:/ECE554/DE1_SOC_Linux_FB/soc_system/synthesis/submodules/altera_avalon_sc_fifo.v
Info: Reusing file I:/ECE554/DE1_SOC_Linux_FB/soc_system/synthesis/submodules/altera_merlin_address_alignment.sv
Info: router: "mm_interconnect_1" instantiated altera_merlin_router "router"
Info: router_001: "mm_interconnect_1" instantiated altera_merlin_router "router_001"
Info: router_002: "mm_interconnect_1" instantiated altera_merlin_router "router_002"
Info: cmd_demux: "mm_interconnect_1" instantiated altera_merlin_demultiplexer "cmd_demux"
Info: cmd_mux: "mm_interconnect_1" instantiated altera_merlin_multiplexer "cmd_mux"
Info: Reusing file I:/ECE554/DE1_SOC_Linux_FB/soc_system/synthesis/submodules/altera_merlin_arbitrator.sv
Info: rsp_mux: "mm_interconnect_1" instantiated altera_merlin_multiplexer "rsp_mux"
Info: Reusing file I:/ECE554/DE1_SOC_Linux_FB/soc_system/synthesis/submodules/altera_merlin_arbitrator.sv
Info: master_secure_master_cmd_width_adapter: "mm_interconnect_1" instantiated altera_merlin_width_adapter "master_secure_master_cmd_width_adapter"
Info: Reusing file I:/ECE554/DE1_SOC_Linux_FB/soc_system/synthesis/submodules/altera_merlin_address_alignment.sv
Info: Reusing file I:/ECE554/DE1_SOC_Linux_FB/soc_system/synthesis/submodules/altera_merlin_burst_uncompressor.sv
Info: vid_front: "video_in" instantiated alt_vip_video_input_bridge_resp "vid_front"
Info: Reusing file I:/ECE554/DE1_SOC_Linux_FB/soc_system/synthesis/submodules/common/alt_vip_common_pkg.sv
Info: Reusing file I:/ECE554/DE1_SOC_Linux_FB/soc_system/synthesis/submodules/modules/alt_vip_common_event_packet_decode/src_hdl/alt_vip_common_event_packet_decode.sv
Info: Reusing file I:/ECE554/DE1_SOC_Linux_FB/soc_system/synthesis/submodules/modules/alt_vip_common_event_packet_encode/src_hdl/alt_vip_common_event_packet_encode.sv
Info: vid_back: "video_in" instantiated alt_vip_video_input_bridge_cmd "vid_back"
Info: Reusing file I:/ECE554/DE1_SOC_Linux_FB/soc_system/synthesis/submodules/common/alt_vip_common_pkg.sv
Info: Reusing file I:/ECE554/DE1_SOC_Linux_FB/soc_system/synthesis/submodules/modules/alt_vip_common_event_packet_decode/src_hdl/alt_vip_common_event_packet_decode.sv
Info: Reusing file I:/ECE554/DE1_SOC_Linux_FB/soc_system/synthesis/submodules/modules/alt_vip_common_event_packet_encode/src_hdl/alt_vip_common_event_packet_encode.sv
Error: border: Error during execution of script generate_hps_sdram.tcl: seq: Error during execution of "{C:/intelfpga_lite/24.1std/quartus/../nios2eds/Nios II Command Shell.bat} make all 2>> stderr.txt": child process exited abnormally
Error: border: Error during execution of script generate_hps_sdram.tcl: seq: Execution of command "{C:/intelfpga_lite/24.1std/quartus/../nios2eds/Nios II Command Shell.bat} make all 2>> stderr.txt" failed
Error: border: Error during execution of script generate_hps_sdram.tcl: seq: Nios II Command Shell.bat requires Windows Subsystem for Linux (WSL) to run.
Error: border: Error during execution of script generate_hps_sdram.tcl: seq: Please install WSL and try again.
Error: border: Error during execution of script generate_hps_sdram.tcl: seq: child process exited abnormally
Error: border: Error during execution of script generate_hps_sdram.tcl: seq: add_fileset_file: No such file C:/Users/deapen/AppData/Local/Temp/alt0539_8243349000858466466.dir/0004_seq_gen/hps_AC_ROM.hex
Error: border: Error during execution of script generate_hps_sdram.tcl: Generation stopped, 3 or more modules remaining
Error: border: Execution of script generate_hps_sdram.tcl failed
Error: border: 2026.03.26.19:56:00 Info:
Error: border: ********************************************************************************************************************
Error: border: 
Error: border: Use qsys-generate for a simpler command-line interface for generating IP.
Error: border: 
Error: border: Run ip-generate with switch --remove-qsys-generate-warning to prevent this notice from appearing in subsequent runs.
Error: border: 
Error: border: ********************************************************************************************************************
Error: border: 2026.03.26.19:56:02 Warning: Ignored parameter assignment device=5CSEMA5F31C6
Error: border: 2026.03.26.19:56:02 Warning: Ignored parameter assignment extended_family_support=true
Error: border: 2026.03.26.19:56:05 Warning: hps_sdram: 'Quick' simulation modes are NOT timing accurate. Some simulation memory models may issue warnings or errors
Error: border: 2026.03.26.19:56:05 Warning: hps_sdram.seq: This module has no ports or interfaces
Error: border: 2026.03.26.19:56:05 Warning: hps_sdram.p0: p0.scc must be exported, or connected to a matching conduit.
Error: border: 2026.03.26.19:56:05 Warning: hps_sdram.as: as.afi_init_cal_req must be exported, or connected to a matching conduit.
Error: border: 2026.03.26.19:56:05 Warning: hps_sdram.as: as.tracking must be exported, or connected to a matching conduit.
Error: border: 2026.03.26.19:56:05 Warning: hps_sdram.c0: c0.status must be exported, or connected to a matching conduit.
Error: border: 2026.03.26.19:56:05 Warning: hps_sdram.p0: p0.avl must be connected to an Avalon-MM master
Error: border: 2026.03.26.19:56:05 Info: hps_sdram: Generating "hps_sdram" for QUARTUS_SYNTH
Error: border: 2026.03.26.19:56:06 Info: pll: "hps_sdram" instantiated altera_mem_if_hps_pll "pll"
Error: border: 2026.03.26.19:56:06 Info: p0: Generating clock pair generator
Error: border: 2026.03.26.19:56:06 Info: p0: Generating hps_sdram_p0_altdqdqs
Error: border: 2026.03.26.19:56:09 Info: p0:
Error: border: 2026.03.26.19:56:09 Info: p0: *****************************
Error: border: 2026.03.26.19:56:09 Info: p0:
Error: border: 2026.03.26.19:56:09 Info: p0: Remember to run the hps_sdram_p0_pin_assignments.tcl
Error: border: 2026.03.26.19:56:09 Info: p0: script after running Synthesis and before Fitting.
Error: border: 2026.03.26.19:56:09 Info: p0:
Error: border: 2026.03.26.19:56:09 Info: p0: *****************************
Error: border: 2026.03.26.19:56:09 Info: p0:
Error: border: 2026.03.26.19:56:09 Info: p0: "hps_sdram" instantiated altera_mem_if_ddr3_hard_phy_core "p0"
Error: border: 2026.03.26.19:56:10 Error: seq: Error during execution of "{C:/intelfpga_lite/24.1std/quartus/../nios2eds/Nios II Command Shell.bat} make all 2>> stderr.txt": child process exited abnormally
Error: border: 2026.03.26.19:56:10 Error: seq: Execution of command "{C:/intelfpga_lite/24.1std/quartus/../nios2eds/Nios II Command Shell.bat} make all 2>> stderr.txt" failed
Error: border: 2026.03.26.19:56:10 Error: seq: Nios II Command Shell.bat requires Windows Subsystem for Linux (WSL) to run.
Error: border: 2026.03.26.19:56:10 Error: seq: Please install WSL and try again.
Error: border: 2026.03.26.19:56:10 Error: seq: child process exited abnormally
Error: border: 2026.03.26.19:56:10 Error: seq: add_fileset_file: No such file C:/Users/deapen/AppData/Local/Temp/alt0539_8243349000858466466.dir/0004_seq_gen/hps_AC_ROM.hex
Error: border: while executing
Error: border: "add_fileset_file $file_name [::alt_mem_if::util::hwtcl_utils::get_file_type $file_name 0] PATH $file_pathname"
Error: border: ("foreach" body line 4)
Error: border: invoked from within
Error: border: "foreach file_pathname $return_files_sw {
Error: border: 		_dprint 1 "Preparing to add $file_pathname"
Error: border: 		set file_name [file tail $file_pathname]
Error: border: 		add_fileset_file $..."
Error: border: (procedure "generate_sw" line 18)
Error: border: invoked from within
Error: border: "generate_sw $name $fileset"
Error: border: ("if" then script line 4)
Error: border: invoked from within
Error: border: "if {[string compare -nocase $fileset QUARTUS_SYNTH] == 0} {
Error: border: 		set top_level_file "altera_mem_if_hhp_qseq_synth_top.v"
Error: border: 		add_fileset_file $top_level_fi..."
Error: border: (procedure "generate_files" line 4)
Error: border: invoked from within
Error: border: "generate_files $name QUARTUS_SYNTH"
Error: border: (procedure "generate_synth" line 3)
Error: border: invoked from within
Error: border: "generate_synth altera_mem_if_hhp_qseq_synth_top"
Error: border: 2026.03.26.19:56:10 Info: seq: "hps_sdram" instantiated altera_mem_if_hhp_ddr3_qseq "seq"
Error: border: 2026.03.26.19:56:10 Error: Generation stopped, 3 or more modules remaining
Error: border: 2026.03.26.19:56:10 Info: hps_sdram: Done "hps_sdram" with 7 modules, 33 files
Info: border: "hps_io" instantiated altera_interface_generator "border"
Error: Generation stopped, 1 or more modules remaining
Info: soc_system: Done "soc_system" with 73 modules, 179 files
Error: qsys-generate failed with exit code 1: 70 Errors, 13 Warnings
Info: Finished: Create HDL design files for synthesis
