Assembler report for PDM2PCM
Wed Apr 15 15:40:26 2026
Quartus Prime Version 25.1std.0 Build 1129 10/21/2025 SC Lite Edition


---------------------
; Table of Contents ;
---------------------
  1. Legal Notice
  2. Assembler Summary
  3. Assembler Settings
  4. Assembler Encrypted IP Cores Summary
  5. Assembler Generated Files
  6. Assembler Device Options: C:/Users/owner/ECE554/DE1_SoC/Tools/SystemBuilder/CodeGenerated/DE1_SOC/PDM2PCM/PDM2PCM_time_limited.sof
  7. Assembler Messages



----------------
; Legal Notice ;
----------------
Copyright (C) 2025  Altera Corporation. All rights reserved.
Your use of Altera Corporation's design tools, logic functions 
and other software and tools, and any partner logic 
functions, and any output files from any of the foregoing 
(including device programming or simulation files), and any 
associated documentation or information are expressly subject 
to the terms and conditions of the Altera Program License 
Subscription Agreement, the Altera Quartus Prime License Agreement,
the Altera IP License Agreement, or other applicable license
agreement, including, without limitation, that your use is for
the sole purpose of programming logic devices manufactured by
Altera and sold by Altera or its authorized distributors.  Please
refer to the Altera Software License Subscription Agreements 
on the Quartus Prime software download page.



+---------------------------------------------------------------+
; Assembler Summary                                             ;
+-----------------------+---------------------------------------+
; Assembler Status      ; Successful - Wed Apr 15 15:40:26 2026 ;
; Revision Name         ; PDM2PCM                               ;
; Top-level Entity Name ; PDM2PCM                               ;
; Family                ; Cyclone V                             ;
; Device                ; 5CSEMA5F31C6                          ;
+-----------------------+---------------------------------------+


+----------------------------------+
; Assembler Settings               ;
+--------+---------+---------------+
; Option ; Setting ; Default Value ;
+--------+---------+---------------+


+---------------------------------------------------+
; Assembler Encrypted IP Cores Summary              ;
+--------+--------------------------+---------------+
; Vendor ; IP Core Name             ; License Type  ;
+--------+--------------------------+---------------+
; Altera ; CIC Compiler (6AF7 00BB) ; OpenCore Plus ;
; Altera ; Signal Tap (6AF7 BCE1)   ; Licensed      ;
+--------+--------------------------+---------------+


+----------------------------------------------------------------------------------------------------------+
; Assembler Generated Files                                                                                ;
+----------------------------------------------------------------------------------------------------------+
; File Name                                                                                                ;
+----------------------------------------------------------------------------------------------------------+
; C:/Users/owner/ECE554/DE1_SoC/Tools/SystemBuilder/CodeGenerated/DE1_SOC/PDM2PCM/PDM2PCM_time_limited.sof ;
+----------------------------------------------------------------------------------------------------------+


+------------------------------------------------------------------------------------------------------------------------------------+
; Assembler Device Options: C:/Users/owner/ECE554/DE1_SoC/Tools/SystemBuilder/CodeGenerated/DE1_SOC/PDM2PCM/PDM2PCM_time_limited.sof ;
+----------------+-------------------------------------------------------------------------------------------------------------------+
; Option         ; Setting                                                                                                           ;
+----------------+-------------------------------------------------------------------------------------------------------------------+
; JTAG usercode  ; 0x02301B8D                                                                                                        ;
; Checksum       ; 0x02301B8D                                                                                                        ;
+----------------+-------------------------------------------------------------------------------------------------------------------+


+--------------------+
; Assembler Messages ;
+--------------------+
Info: *******************************************************************
Info: Running Quartus Prime Assembler
    Info: Version 25.1std.0 Build 1129 10/21/2025 SC Lite Edition
    Info: Processing started: Wed Apr 15 15:39:59 2026
Info: Command: quartus_asm --read_settings_files=off --write_settings_files=off PDM2PCM -c PDM2PCM
Warning (125092): Tcl Script File Mic_Clk_Pll/Mic_Clk_Pll_0002.qip not found
    Info (125063): set_global_assignment -name QIP_FILE Mic_Clk_Pll/Mic_Clk_Pll_0002.qip -qip Mic_Clk_Pll.qip -library Mic_Clk_Pll
Warning (18236): Number of processors has not been specified which may cause overloading on shared machines.  Set the global assignment NUM_PARALLEL_PROCESSORS in your QSF to an appropriate value for best performance.
Info (115030): Assembler is generating device programming files
Info (115017): Design contains a time-limited core -- only a single, time-limited programming file can be generated
Warning (210042): Can't convert time-limited SOF into POF, HEX File, TTF, or RBF
Info: Quartus Prime Assembler was successful. 0 errors, 3 warnings
    Info: Peak virtual memory: 5324 megabytes
    Info: Processing ended: Wed Apr 15 15:40:26 2026
    Info: Elapsed time: 00:00:27
    Info: Total CPU time (on all processors): 00:00:24


