Assembler report for soc_system
Wed Apr 22 22:24:11 2026
Quartus Prime Version 25.1std.0 Build 1129 10/21/2025 SC Lite Edition


---------------------
; Table of Contents ;
---------------------
  1. Legal Notice
  2. Assembler Summary
  3. Assembler Settings
  4. Assembler Encrypted IP Cores Summary
  5. Assembler Generated Files
  6. Assembler Device Options: soc_system_time_limited.sof
  7. Assembler Messages



----------------
; Legal Notice ;
----------------
Copyright (C) 2025  Altera Corporation. All rights reserved.
Your use of Altera Corporation's design tools, logic functions 
and other software and tools, and any partner logic 
functions, and any output files from any of the foregoing 
(including device programming or simulation files), and any 
associated documentation or information are expressly subject 
to the terms and conditions of the Altera Program License 
Subscription Agreement, the Altera Quartus Prime License Agreement,
the Altera IP License Agreement, or other applicable license
agreement, including, without limitation, that your use is for
the sole purpose of programming logic devices manufactured by
Altera and sold by Altera or its authorized distributors.  Please
refer to the Altera Software License Subscription Agreements 
on the Quartus Prime software download page.



+---------------------------------------------------------------+
; Assembler Summary                                             ;
+-----------------------+---------------------------------------+
; Assembler Status      ; Successful - Wed Apr 22 22:24:11 2026 ;
; Revision Name         ; soc_system                            ;
; Top-level Entity Name ; ghrd_top                              ;
; Family                ; Cyclone V                             ;
; Device                ; 5CSEMA5F31C6                          ;
+-----------------------+---------------------------------------+


+----------------------------------+
; Assembler Settings               ;
+--------+---------+---------------+
; Option ; Setting ; Default Value ;
+--------+---------+---------------+


+---------------------------------------------------+
; Assembler Encrypted IP Cores Summary              ;
+--------+--------------------------+---------------+
; Vendor ; IP Core Name             ; License Type  ;
+--------+--------------------------+---------------+
; Altera ; CIC Compiler (6AF7 00BB) ; OpenCore Plus ;
; Altera ; Signal Tap (6AF7 BCE1)   ; Licensed      ;
+--------+--------------------------+---------------+


+----------------------------------------------------------------------------+
; Assembler Generated Files                                                  ;
+----------------------------------------------------------------------------+
; File Name                                                                  ;
+----------------------------------------------------------------------------+
; /home/david/Documents/ECE554_Capstone/FPGA_DMA/soc_system_time_limited.sof ;
+----------------------------------------------------------------------------+


+-------------------------------------------------------+
; Assembler Device Options: soc_system_time_limited.sof ;
+----------------+--------------------------------------+
; Option         ; Setting                              ;
+----------------+--------------------------------------+
; JTAG usercode  ; 0x04DD31A1                           ;
; Checksum       ; 0x04DD31A1                           ;
+----------------+--------------------------------------+


+--------------------+
; Assembler Messages ;
+--------------------+
Info: *******************************************************************
Info: Running Quartus Prime Assembler
    Info: Version 25.1std.0 Build 1129 10/21/2025 SC Lite Edition
    Info: Processing started: Wed Apr 22 22:23:46 2026
Info: Command: quartus_asm --read_settings_files=off --write_settings_files=off soc_system -c soc_system
Warning (125092): Tcl Script File rtl/latest/Mic_Clk_Pll/Mic_Clk_Pll_0002.qip not found
    Info (125063): set_global_assignment -name QIP_FILE rtl/latest/Mic_Clk_Pll/Mic_Clk_Pll_0002.qip -qip rtl/latest/Mic_Clk_Pll.qip -library Mic_Clk_Pll
Warning (18236): Number of processors has not been specified which may cause overloading on shared machines.  Set the global assignment NUM_PARALLEL_PROCESSORS in your QSF to an appropriate value for best performance.
Info (115030): Assembler is generating device programming files
Info (115017): Design contains a time-limited core -- only a single, time-limited programming file can be generated
Warning (210042): Can't convert time-limited SOF into POF, HEX File, TTF, or RBF
Warning (210039): File /home/david/Documents/ECE554_Capstone/FPGA_DMA/soc_system_time_limited.sof contains one or more time-limited megafunctions that support the Altera FPGA IP Evaluation Mode feature that will not work after the hardware evaluation time expires. Refer to the Messages window for evaluation time details.
Info (210040): SRAM Object File /home/david/Documents/ECE554_Capstone/FPGA_DMA/soc_system_time_limited.sof contains time-limited megafunction that supports Altera FPGA IP Evaluation Mode feature -- Vendor: 0x6AF7, Product: 0x00BB
Info (11878): Hard Processor Subsystem configuration has not changed and a Preloader software update is not required
Info: Quartus Prime Assembler was successful. 0 errors, 4 warnings
    Info: Peak virtual memory: 922 megabytes
    Info: Processing ended: Wed Apr 22 22:24:12 2026
    Info: Elapsed time: 00:00:26
    Info: Total CPU time (on all processors): 00:00:24


