Analysis & Synthesis report for soc_system
Wed Apr 15 21:16:01 2026
Quartus Prime Version 25.1std.0 Build 1129 10/21/2025 SC Lite Edition


---------------------
; Table of Contents ;
---------------------
  1. Legal Notice
  2. Analysis & Synthesis Summary
  3. Analysis & Synthesis Settings
  4. Parallel Compilation
  5. Analysis & Synthesis Messages
  6. Analysis & Synthesis Suppressed Messages



----------------
; Legal Notice ;
----------------
Copyright (C) 2025  Altera Corporation. All rights reserved.
Your use of Altera Corporation's design tools, logic functions 
and other software and tools, and any partner logic 
functions, and any output files from any of the foregoing 
(including device programming or simulation files), and any 
associated documentation or information are expressly subject 
to the terms and conditions of the Altera Program License 
Subscription Agreement, the Altera Quartus Prime License Agreement,
the Altera IP License Agreement, or other applicable license
agreement, including, without limitation, that your use is for
the sole purpose of programming logic devices manufactured by
Altera and sold by Altera or its authorized distributors.  Please
refer to the Altera Software License Subscription Agreements 
on the Quartus Prime software download page.



+-------------------------------------------------------------------------------+
; Analysis & Synthesis Summary                                                  ;
+-----------------------------+-------------------------------------------------+
; Analysis & Synthesis Status ; Failed - Wed Apr 15 21:16:01 2026               ;
; Quartus Prime Version       ; 25.1std.0 Build 1129 10/21/2025 SC Lite Edition ;
; Revision Name               ; soc_system                                      ;
; Top-level Entity Name       ; ghrd_top                                        ;
; Family                      ; Cyclone V                                       ;
; Logic utilization (in ALMs) ; N/A until Partition Merge                       ;
; Total registers             ; N/A until Partition Merge                       ;
; Total pins                  ; N/A until Partition Merge                       ;
; Total virtual pins          ; N/A until Partition Merge                       ;
; Total block memory bits     ; N/A until Partition Merge                       ;
; Total PLLs                  ; N/A until Partition Merge                       ;
; Total DLLs                  ; N/A until Partition Merge                       ;
+-----------------------------+-------------------------------------------------+


+---------------------------------------------------------------------------------------------------------------------------+
; Analysis & Synthesis Settings                                                                                             ;
+---------------------------------------------------------------------------------+--------------------+--------------------+
; Option                                                                          ; Setting            ; Default Value      ;
+---------------------------------------------------------------------------------+--------------------+--------------------+
; Device                                                                          ; 5CSEMA5F31C6       ;                    ;
; Top-level entity name                                                           ; ghrd_top           ; soc_system         ;
; Family name                                                                     ; Cyclone V          ; Cyclone IV GX      ;
; Use smart compilation                                                           ; Off                ; Off                ;
; Enable parallel Assembler and Timing Analyzer during compilation                ; On                 ; On                 ;
; Enable compact report table                                                     ; Off                ; Off                ;
; Restructure Multiplexers                                                        ; Auto               ; Auto               ;
; MLAB Add Timing Constraints For Mixed-Port Feed-Through Mode Setting Don't Care ; Off                ; Off                ;
; Create Debugging Nodes for IP Cores                                             ; Off                ; Off                ;
; Preserve fewer node names                                                       ; On                 ; On                 ;
; Intel FPGA IP Evaluation Mode                                                   ; Enable             ; Enable             ;
; Verilog Version                                                                 ; Verilog_2001       ; Verilog_2001       ;
; VHDL Version                                                                    ; VHDL_1993          ; VHDL_1993          ;
; State Machine Processing                                                        ; Auto               ; Auto               ;
; Safe State Machine                                                              ; Off                ; Off                ;
; Extract Verilog State Machines                                                  ; On                 ; On                 ;
; Extract VHDL State Machines                                                     ; On                 ; On                 ;
; Ignore Verilog initial constructs                                               ; Off                ; Off                ;
; Iteration limit for constant Verilog loops                                      ; 5000               ; 5000               ;
; Iteration limit for non-constant Verilog loops                                  ; 250                ; 250                ;
; Add Pass-Through Logic to Inferred RAMs                                         ; On                 ; On                 ;
; Infer RAMs from Raw Logic                                                       ; On                 ; On                 ;
; Parallel Synthesis                                                              ; On                 ; On                 ;
; DSP Block Balancing                                                             ; Auto               ; Auto               ;
; NOT Gate Push-Back                                                              ; On                 ; On                 ;
; Power-Up Don't Care                                                             ; On                 ; On                 ;
; Remove Redundant Logic Cells                                                    ; Off                ; Off                ;
; Remove Duplicate Registers                                                      ; On                 ; On                 ;
; Ignore CARRY Buffers                                                            ; Off                ; Off                ;
; Ignore CASCADE Buffers                                                          ; Off                ; Off                ;
; Ignore GLOBAL Buffers                                                           ; Off                ; Off                ;
; Ignore ROW GLOBAL Buffers                                                       ; Off                ; Off                ;
; Ignore LCELL Buffers                                                            ; Off                ; Off                ;
; Ignore SOFT Buffers                                                             ; On                 ; On                 ;
; Limit AHDL Integers to 32 Bits                                                  ; Off                ; Off                ;
; Optimization Technique                                                          ; Balanced           ; Balanced           ;
; Carry Chain Length                                                              ; 70                 ; 70                 ;
; Auto Carry Chains                                                               ; On                 ; On                 ;
; Auto Open-Drain Pins                                                            ; On                 ; On                 ;
; Perform WYSIWYG Primitive Resynthesis                                           ; Off                ; Off                ;
; Auto ROM Replacement                                                            ; On                 ; On                 ;
; Auto RAM Replacement                                                            ; On                 ; On                 ;
; Auto DSP Block Replacement                                                      ; On                 ; On                 ;
; Auto Shift Register Replacement                                                 ; Auto               ; Auto               ;
; Allow Shift Register Merging across Hierarchies                                 ; Auto               ; Auto               ;
; Auto Clock Enable Replacement                                                   ; On                 ; On                 ;
; Strict RAM Replacement                                                          ; Off                ; Off                ;
; Allow Synchronous Control Signals                                               ; On                 ; On                 ;
; Force Use of Synchronous Clear Signals                                          ; Off                ; Off                ;
; Auto Resource Sharing                                                           ; Off                ; Off                ;
; Allow Any RAM Size For Recognition                                              ; Off                ; Off                ;
; Allow Any ROM Size For Recognition                                              ; Off                ; Off                ;
; Allow Any Shift Register Size For Recognition                                   ; Off                ; Off                ;
; Use LogicLock Constraints during Resource Balancing                             ; On                 ; On                 ;
; Ignore translate_off and synthesis_off directives                               ; Off                ; Off                ;
; Timing-Driven Synthesis                                                         ; On                 ; On                 ;
; Report Parameter Settings                                                       ; On                 ; On                 ;
; Report Source Assignments                                                       ; On                 ; On                 ;
; Report Connectivity Checks                                                      ; On                 ; On                 ;
; Ignore Maximum Fan-Out Assignments                                              ; Off                ; Off                ;
; Synchronization Register Chain Length                                           ; 3                  ; 3                  ;
; Power Optimization During Synthesis                                             ; Normal compilation ; Normal compilation ;
; HDL message level                                                               ; Level2             ; Level2             ;
; Suppress Register Optimization Related Messages                                 ; Off                ; Off                ;
; Number of Removed Registers Reported in Synthesis Report                        ; 5000               ; 5000               ;
; Number of Swept Nodes Reported in Synthesis Report                              ; 5000               ; 5000               ;
; Number of Inverted Registers Reported in Synthesis Report                       ; 100                ; 100                ;
; Clock MUX Protection                                                            ; On                 ; On                 ;
; Auto Gated Clock Conversion                                                     ; Off                ; Off                ;
; Block Design Naming                                                             ; Auto               ; Auto               ;
; SDC constraint protection                                                       ; Off                ; Off                ;
; Synthesis Effort                                                                ; Auto               ; Auto               ;
; Shift Register Replacement - Allow Asynchronous Clear Signal                    ; On                 ; On                 ;
; Pre-Mapping Resynthesis Optimization                                            ; Off                ; Off                ;
; Analysis & Synthesis Message Level                                              ; Medium             ; Medium             ;
; Disable Register Merging Across Hierarchies                                     ; Auto               ; Auto               ;
; Resource Aware Inference For Block RAM                                          ; On                 ; On                 ;
; Automatic Parallel Synthesis                                                    ; On                 ; On                 ;
; Partial Reconfiguration Bitstream ID                                            ; Off                ; Off                ;
+---------------------------------------------------------------------------------+--------------------+--------------------+


+------------------------------------------+
; Parallel Compilation                     ;
+----------------------------+-------------+
; Processors                 ; Number      ;
+----------------------------+-------------+
; Number detected on machine ; 6           ;
; Maximum allowed            ; 6           ;
;                            ;             ;
; Average used               ; 1.00        ;
; Maximum used               ; 1           ;
;                            ;             ;
; Usage by Processor         ; % Time Used ;
;     Processor 1            ; 100.0%      ;
+----------------------------+-------------+


+-------------------------------+
; Analysis & Synthesis Messages ;
+-------------------------------+
Info: *******************************************************************
Info: Running Quartus Prime Analysis & Synthesis
    Info: Version 25.1std.0 Build 1129 10/21/2025 SC Lite Edition
    Info: Processing started: Wed Apr 15 21:15:36 2026
Info: Command: quartus_map --read_settings_files=on --write_settings_files=off soc_system -c soc_system
Warning (18236): Number of processors has not been specified which may cause overloading on shared machines.  Set the global assignment NUM_PARALLEL_PROCESSORS in your QSF to an appropriate value for best performance.
Info (20030): Parallel compilation is enabled and will use 6 of the 6 processors detected
Info (12248): Elaborating Platform Designer system entity "Mic_Clk_Ctrl.qsys"
Info (12250): 2026.04.15.21:15:51 Progress: Loading clk_gen/Mic_Clk_Ctrl.qsys
Info (12250): 2026.04.15.21:15:51 Progress: Reading input file
Info (12250): 2026.04.15.21:15:51 Progress: Adding altclkctrl_0 [altclkctrl 25.1]
Info (12250): 2026.04.15.21:15:52 Progress: Parameterizing module altclkctrl_0
Info (12250): 2026.04.15.21:15:52 Progress: Building connections
Info (12250): 2026.04.15.21:15:52 Progress: Parameterizing connections
Info (12250): 2026.04.15.21:15:52 Progress: Validating
Info (12250): 2026.04.15.21:15:52 Progress: Done reading input file
Info (12250): 2026.04.15.21:15:52 : Mic_Clk_Ctrl.altclkctrl_0: Targeting device family: Cyclone V.
Info (12250): 2026.04.15.21:15:52 : Mic_Clk_Ctrl.altclkctrl_0: Global clock network allows a clock signal to reach all parts of the chip with the same amount of skew. Input port 'clkselect' can be used to switch between four clock inputs.
Info (12250): Mic_Clk_Ctrl: Generating "Mic_Clk_Ctrl" for QUARTUS_SYNTH
Info (12250): Altclkctrl_0: Generating top-level entity Mic_Clk_Ctrl_altclkctrl_0.
Info (12250): Altclkctrl_0: "Mic_Clk_Ctrl" instantiated altclkctrl "altclkctrl_0"
Info (12250): Mic_Clk_Ctrl: Done "Mic_Clk_Ctrl" with 2 modules, 2 files
Info (12249): Finished elaborating Platform Designer system entity "Mic_Clk_Ctrl.qsys"
Info (12248): Elaborating Platform Designer system entity "ADC_Controller.qsys"
Info (12250): 2026.04.15.21:15:56 Progress: Loading clk_gen/ADC_Controller.qsys
Info (12250): 2026.04.15.21:15:56 Progress: Reading input file
Info (12250): 2026.04.15.21:15:56 Progress: Adding adc_mega_0 [altera_up_avalon_adc_mega 18.0]
Info (12250): 2026.04.15.21:15:57 Progress: Parameterizing module adc_mega_0
Info (12250): 2026.04.15.21:15:57 Progress: Building connections
Info (12250): 2026.04.15.21:15:57 Progress: Parameterizing connections
Info (12250): 2026.04.15.21:15:57 Progress: Validating
Info (12250): 2026.04.15.21:15:57 Progress: Done reading input file
Info (12250): ADC_Controller: Generating "ADC_Controller" for QUARTUS_SYNTH
Info (12250): Adc_mega_0: Starting Generation of ADC Controller for DE-series Board
Info (12250): Adc_mega_0: /home/david/altera_lite/25.1std/ip/altera/university_program/input_output/altera_up_avalon_adc/hdl/altera_up_avalon_adv_adc.v /tmp/alt0559_8804671897514634624.dir/0002_sopcgen/ADC_Controller_adc_mega_0.v
Info (12250): Adc_mega_0: "ADC_Controller" instantiated altera_up_avalon_adc_mega "adc_mega_0"
Info (12250): ADC_Controller: Done "ADC_Controller" with 2 modules, 3 files
Info (12249): Finished elaborating Platform Designer system entity "ADC_Controller.qsys"
Info (12021): Found 1 design units, including 1 entities, in source file ip/clk_gen/Mic_Clk_Pll_0002.v
    Info (12023): Found entity 1: Mic_Clk_Pll_0002 File: /home/david/Documents/ECE554_Capstone/FPGA_DMA/ip/clk_gen/Mic_Clk_Pll_0002.v Line: 2
Info (12021): Found 1 design units, including 1 entities, in source file ip/clk_gen/Mic_Clk_Pll.v
    Info (12023): Found entity 1: Mic_Clk_Pll File: /home/david/Documents/ECE554_Capstone/FPGA_DMA/ip/clk_gen/Mic_Clk_Pll.v Line: 8
Info (12021): Found 1 design units, including 1 entities, in source file ip/clk_gen/Mic_Clk_Ctrl_altclkctrl_0_sub.v
    Info (12023): Found entity 1: Mic_Clk_Ctrl_altclkctrl_0_sub File: /home/david/Documents/ECE554_Capstone/FPGA_DMA/ip/clk_gen/Mic_Clk_Ctrl_altclkctrl_0_sub.v Line: 29
Info (12021): Found 1 design units, including 1 entities, in source file ip/clk_gen/Mic_Clk_Ctrl_altclkctrl_0.v
    Info (12023): Found entity 1: Mic_Clk_Ctrl_altclkctrl_0 File: /home/david/Documents/ECE554_Capstone/FPGA_DMA/ip/clk_gen/Mic_Clk_Ctrl_altclkctrl_0.v Line: 18
Info (12021): Found 1 design units, including 1 entities, in source file ip/clk_gen/ADC_Controller.v
    Info (12023): Found entity 1: ADC_Controller File: /home/david/Documents/ECE554_Capstone/FPGA_DMA/ip/clk_gen/ADC_Controller.v Line: 6
Info (12021): Found 1 design units, including 1 entities, in source file rtl/stream_pcm.sv
    Info (12023): Found entity 1: stream_pcm File: /home/david/Documents/ECE554_Capstone/FPGA_DMA/rtl/stream_pcm.sv Line: 1
Info (12021): Found 1 design units, including 1 entities, in source file rtl/Seven_Seg.sv
    Info (12023): Found entity 1: Seven_Seg File: /home/david/Documents/ECE554_Capstone/FPGA_DMA/rtl/Seven_Seg.sv Line: 8
Info (12021): Found 1 design units, including 1 entities, in source file rtl/pdm_to_pcm_no_bp.sv
    Info (12023): Found entity 1: pdm_to_pcm_no_bp File: /home/david/Documents/ECE554_Capstone/FPGA_DMA/rtl/pdm_to_pcm_no_bp.sv Line: 1
Info (12021): Found 1 design units, including 1 entities, in source file rtl/PCM_Top.v
    Info (12023): Found entity 1: PCM_Top File: /home/david/Documents/ECE554_Capstone/FPGA_DMA/rtl/PCM_Top.v Line: 6
Info (12021): Found 1 design units, including 1 entities, in source file rtl/pcm_to_mem.sv
    Info (12023): Found entity 1: pcm_to_mem File: /home/david/Documents/ECE554_Capstone/FPGA_DMA/rtl/pcm_to_mem.sv Line: 1
Info (12021): Found 1 design units, including 1 entities, in source file rtl/PCM_no_comp.sv
    Info (12023): Found entity 1: PCM_no_comp File: /home/david/Documents/ECE554_Capstone/FPGA_DMA/rtl/PCM_no_comp.sv Line: 1
Info (12021): Found 1 design units, including 1 entities, in source file rtl/mock_data.sv
    Info (12023): Found entity 1: mock_data File: /home/david/Documents/ECE554_Capstone/FPGA_DMA/rtl/mock_data.sv Line: 1
Info (12021): Found 1 design units, including 0 entities, in source file rtl/Mic_Time_pkg.sv
    Info (12022): Found design unit 1: Mic_Time_pkg (SystemVerilog) File: /home/david/Documents/ECE554_Capstone/FPGA_DMA/rtl/Mic_Time_pkg.sv Line: 12
Info (12021): Found 1 design units, including 1 entities, in source file rtl/Mic_Mode_Fsm.sv
    Info (12023): Found entity 1: Mic_Mode_Fsm File: /home/david/Documents/ECE554_Capstone/FPGA_DMA/rtl/Mic_Mode_Fsm.sv Line: 15
Info (12021): Found 1 design units, including 1 entities, in source file rtl/Mic_Clk_Gen.sv
    Info (12023): Found entity 1: Mic_Clk_Gen File: /home/david/Documents/ECE554_Capstone/FPGA_DMA/rtl/Mic_Clk_Gen.sv Line: 13
Info (12021): Found 1 design units, including 1 entities, in source file rtl/Mic_Clk_Ctrl.sv
    Info (12023): Found entity 1: Mic_Clk_Ctrl File: /home/david/Documents/ECE554_Capstone/FPGA_DMA/rtl/Mic_Clk_Ctrl.sv Line: 6
Info (12021): Found 1 design units, including 1 entities, in source file rtl/fir_comp.sv
    Info (12023): Found entity 1: fir_comp File: /home/david/Documents/ECE554_Capstone/FPGA_DMA/rtl/fir_comp.sv Line: 1
Info (12021): Found 1 design units, including 1 entities, in source file rtl/fifo.sv
    Info (12023): Found entity 1: FIFO File: /home/david/Documents/ECE554_Capstone/FPGA_DMA/rtl/fifo.sv Line: 7
Info (12021): Found 1 design units, including 1 entities, in source file rtl/Clock_Gen.v
    Info (12023): Found entity 1: Clock_Gen File: /home/david/Documents/ECE554_Capstone/FPGA_DMA/rtl/Clock_Gen.v Line: 6
Info (12021): Found 1 design units, including 1 entities, in source file rtl/cic_decimator.v
    Info (12023): Found entity 1: cic_decimator File: /home/david/Documents/ECE554_Capstone/FPGA_DMA/rtl/cic_decimator.v Line: 30
Info (12021): Found 1 design units, including 1 entities, in source file rtl/Audio_Front_End.sv
    Info (12023): Found entity 1: Audio_Front_End File: /home/david/Documents/ECE554_Capstone/FPGA_DMA/rtl/Audio_Front_End.sv Line: 12
Info (12021): Found 1 design units, including 1 entities, in source file soc_system/synthesis/soc_system.v
    Info (12023): Found entity 1: soc_system File: /home/david/Documents/ECE554_Capstone/FPGA_DMA/soc_system/synthesis/soc_system.v Line: 6
Info (12021): Found 1 design units, including 1 entities, in source file soc_system/synthesis/submodules/altera_reset_controller.v
    Info (12023): Found entity 1: altera_reset_controller File: /home/david/Documents/ECE554_Capstone/FPGA_DMA/soc_system/synthesis/submodules/altera_reset_controller.v Line: 42
Info (12021): Found 1 design units, including 1 entities, in source file soc_system/synthesis/submodules/altera_reset_synchronizer.v
    Info (12023): Found entity 1: altera_reset_synchronizer File: /home/david/Documents/ECE554_Capstone/FPGA_DMA/soc_system/synthesis/submodules/altera_reset_synchronizer.v Line: 24
Info (12021): Found 1 design units, including 1 entities, in source file soc_system/synthesis/submodules/soc_system_irq_mapper.sv
    Info (12023): Found entity 1: soc_system_irq_mapper File: /home/david/Documents/ECE554_Capstone/FPGA_DMA/soc_system/synthesis/submodules/soc_system_irq_mapper.sv Line: 31
Info (12021): Found 1 design units, including 1 entities, in source file soc_system/synthesis/submodules/soc_system_mm_interconnect_3.v
    Info (12023): Found entity 1: soc_system_mm_interconnect_3 File: /home/david/Documents/ECE554_Capstone/FPGA_DMA/soc_system/synthesis/submodules/soc_system_mm_interconnect_3.v Line: 9
Info (12021): Found 1 design units, including 1 entities, in source file soc_system/synthesis/submodules/soc_system_mm_interconnect_3_rsp_mux.sv
    Info (12023): Found entity 1: soc_system_mm_interconnect_3_rsp_mux File: /home/david/Documents/ECE554_Capstone/FPGA_DMA/soc_system/synthesis/submodules/soc_system_mm_interconnect_3_rsp_mux.sv Line: 51
Info (12021): Found 2 design units, including 2 entities, in source file soc_system/synthesis/submodules/altera_merlin_arbitrator.sv
    Info (12023): Found entity 1: altera_merlin_arbitrator File: /home/david/Documents/ECE554_Capstone/FPGA_DMA/soc_system/synthesis/submodules/altera_merlin_arbitrator.sv Line: 103
    Info (12023): Found entity 2: altera_merlin_arb_adder File: /home/david/Documents/ECE554_Capstone/FPGA_DMA/soc_system/synthesis/submodules/altera_merlin_arbitrator.sv Line: 228
Info (12021): Found 1 design units, including 1 entities, in source file soc_system/synthesis/submodules/soc_system_mm_interconnect_3_rsp_demux.sv
    Info (12023): Found entity 1: soc_system_mm_interconnect_3_rsp_demux File: /home/david/Documents/ECE554_Capstone/FPGA_DMA/soc_system/synthesis/submodules/soc_system_mm_interconnect_3_rsp_demux.sv Line: 43
Info (12021): Found 1 design units, including 1 entities, in source file soc_system/synthesis/submodules/soc_system_mm_interconnect_3_cmd_mux.sv
    Info (12023): Found entity 1: soc_system_mm_interconnect_3_cmd_mux File: /home/david/Documents/ECE554_Capstone/FPGA_DMA/soc_system/synthesis/submodules/soc_system_mm_interconnect_3_cmd_mux.sv Line: 51
Info (12021): Found 1 design units, including 1 entities, in source file soc_system/synthesis/submodules/soc_system_mm_interconnect_3_cmd_demux.sv
    Info (12023): Found entity 1: soc_system_mm_interconnect_3_cmd_demux File: /home/david/Documents/ECE554_Capstone/FPGA_DMA/soc_system/synthesis/submodules/soc_system_mm_interconnect_3_cmd_demux.sv Line: 43
Info (12021): Found 2 design units, including 2 entities, in source file soc_system/synthesis/submodules/soc_system_mm_interconnect_3_router_001.sv
    Info (12023): Found entity 1: soc_system_mm_interconnect_3_router_001_default_decode File: /home/david/Documents/ECE554_Capstone/FPGA_DMA/soc_system/synthesis/submodules/soc_system_mm_interconnect_3_router_001.sv Line: 45
    Info (12023): Found entity 2: soc_system_mm_interconnect_3_router_001 File: /home/david/Documents/ECE554_Capstone/FPGA_DMA/soc_system/synthesis/submodules/soc_system_mm_interconnect_3_router_001.sv Line: 84
Info (12021): Found 2 design units, including 2 entities, in source file soc_system/synthesis/submodules/soc_system_mm_interconnect_3_router.sv
    Info (12023): Found entity 1: soc_system_mm_interconnect_3_router_default_decode File: /home/david/Documents/ECE554_Capstone/FPGA_DMA/soc_system/synthesis/submodules/soc_system_mm_interconnect_3_router.sv Line: 45
    Info (12023): Found entity 2: soc_system_mm_interconnect_3_router File: /home/david/Documents/ECE554_Capstone/FPGA_DMA/soc_system/synthesis/submodules/soc_system_mm_interconnect_3_router.sv Line: 84
Info (12021): Found 1 design units, including 1 entities, in source file soc_system/synthesis/submodules/altera_merlin_axi_slave_ni.sv
    Info (12023): Found entity 1: altera_merlin_axi_slave_ni File: /home/david/Documents/ECE554_Capstone/FPGA_DMA/soc_system/synthesis/submodules/altera_merlin_axi_slave_ni.sv Line: 22
Info (12021): Found 1 design units, including 1 entities, in source file soc_system/synthesis/submodules/altera_merlin_burst_uncompressor.sv
    Info (12023): Found entity 1: altera_merlin_burst_uncompressor File: /home/david/Documents/ECE554_Capstone/FPGA_DMA/soc_system/synthesis/submodules/altera_merlin_burst_uncompressor.sv Line: 40
Info (12021): Found 1 design units, including 1 entities, in source file soc_system/synthesis/submodules/altera_avalon_sc_fifo.v
    Info (12023): Found entity 1: altera_avalon_sc_fifo File: /home/david/Documents/ECE554_Capstone/FPGA_DMA/soc_system/synthesis/submodules/altera_avalon_sc_fifo.v Line: 21
Info (12021): Found 1 design units, including 1 entities, in source file soc_system/synthesis/submodules/altera_merlin_address_alignment.sv
    Info (12023): Found entity 1: altera_merlin_address_alignment File: /home/david/Documents/ECE554_Capstone/FPGA_DMA/soc_system/synthesis/submodules/altera_merlin_address_alignment.sv Line: 26
Info (12021): Found 1 design units, including 1 entities, in source file soc_system/synthesis/submodules/altera_merlin_master_agent.sv
    Info (12023): Found entity 1: altera_merlin_master_agent File: /home/david/Documents/ECE554_Capstone/FPGA_DMA/soc_system/synthesis/submodules/altera_merlin_master_agent.sv Line: 28
Info (12021): Found 1 design units, including 1 entities, in source file soc_system/synthesis/submodules/altera_merlin_master_translator.sv
    Info (12023): Found entity 1: altera_merlin_master_translator File: /home/david/Documents/ECE554_Capstone/FPGA_DMA/soc_system/synthesis/submodules/altera_merlin_master_translator.sv Line: 32
Info (12021): Found 1 design units, including 1 entities, in source file soc_system/synthesis/submodules/soc_system_mm_interconnect_2.v
    Info (12023): Found entity 1: soc_system_mm_interconnect_2 File: /home/david/Documents/ECE554_Capstone/FPGA_DMA/soc_system/synthesis/submodules/soc_system_mm_interconnect_2.v Line: 9
Info (12021): Found 1 design units, including 1 entities, in source file soc_system/synthesis/submodules/altera_merlin_slave_translator.sv
    Info (12023): Found entity 1: altera_merlin_slave_translator File: /home/david/Documents/ECE554_Capstone/FPGA_DMA/soc_system/synthesis/submodules/altera_merlin_slave_translator.sv Line: 35
Info (12021): Found 1 design units, including 1 entities, in source file soc_system/synthesis/submodules/soc_system_mm_interconnect_1.v
    Info (12023): Found entity 1: soc_system_mm_interconnect_1 File: /home/david/Documents/ECE554_Capstone/FPGA_DMA/soc_system/synthesis/submodules/soc_system_mm_interconnect_1.v Line: 9
Info (12021): Found 1 design units, including 1 entities, in source file soc_system/synthesis/submodules/soc_system_mm_interconnect_1_avalon_st_adapter.v
    Info (12023): Found entity 1: soc_system_mm_interconnect_1_avalon_st_adapter File: /home/david/Documents/ECE554_Capstone/FPGA_DMA/soc_system/synthesis/submodules/soc_system_mm_interconnect_1_avalon_st_adapter.v Line: 9
Info (12021): Found 1 design units, including 1 entities, in source file soc_system/synthesis/submodules/soc_system_mm_interconnect_1_avalon_st_adapter_error_adapter_0.sv
    Info (12023): Found entity 1: soc_system_mm_interconnect_1_avalon_st_adapter_error_adapter_0 File: /home/david/Documents/ECE554_Capstone/FPGA_DMA/soc_system/synthesis/submodules/soc_system_mm_interconnect_1_avalon_st_adapter_error_adapter_0.sv Line: 66
Info (12021): Found 1 design units, including 1 entities, in source file soc_system/synthesis/submodules/altera_avalon_st_handshake_clock_crosser.v
    Info (12023): Found entity 1: altera_avalon_st_handshake_clock_crosser File: /home/david/Documents/ECE554_Capstone/FPGA_DMA/soc_system/synthesis/submodules/altera_avalon_st_handshake_clock_crosser.v Line: 24
Info (12021): Found 1 design units, including 1 entities, in source file soc_system/synthesis/submodules/altera_avalon_st_clock_crosser.v
    Info (12023): Found entity 1: altera_avalon_st_clock_crosser File: /home/david/Documents/ECE554_Capstone/FPGA_DMA/soc_system/synthesis/submodules/altera_avalon_st_clock_crosser.v Line: 22
Info (12021): Found 1 design units, including 1 entities, in source file soc_system/synthesis/submodules/altera_avalon_st_pipeline_base.v
    Info (12023): Found entity 1: altera_avalon_st_pipeline_base File: /home/david/Documents/ECE554_Capstone/FPGA_DMA/soc_system/synthesis/submodules/altera_avalon_st_pipeline_base.v Line: 22
Info (12021): Found 1 design units, including 1 entities, in source file soc_system/synthesis/submodules/altera_std_synchronizer_nocut.v
    Info (12023): Found entity 1: altera_std_synchronizer_nocut File: /home/david/Documents/ECE554_Capstone/FPGA_DMA/soc_system/synthesis/submodules/altera_std_synchronizer_nocut.v Line: 44
Info (12021): Found 1 design units, including 1 entities, in source file soc_system/synthesis/submodules/soc_system_mm_interconnect_1_rsp_mux.sv
    Info (12023): Found entity 1: soc_system_mm_interconnect_1_rsp_mux File: /home/david/Documents/ECE554_Capstone/FPGA_DMA/soc_system/synthesis/submodules/soc_system_mm_interconnect_1_rsp_mux.sv Line: 51
Info (12021): Found 1 design units, including 1 entities, in source file soc_system/synthesis/submodules/soc_system_mm_interconnect_1_rsp_demux_002.sv
    Info (12023): Found entity 1: soc_system_mm_interconnect_1_rsp_demux_002 File: /home/david/Documents/ECE554_Capstone/FPGA_DMA/soc_system/synthesis/submodules/soc_system_mm_interconnect_1_rsp_demux_002.sv Line: 43
Info (12021): Found 1 design units, including 1 entities, in source file soc_system/synthesis/submodules/soc_system_mm_interconnect_1_rsp_demux.sv
    Info (12023): Found entity 1: soc_system_mm_interconnect_1_rsp_demux File: /home/david/Documents/ECE554_Capstone/FPGA_DMA/soc_system/synthesis/submodules/soc_system_mm_interconnect_1_rsp_demux.sv Line: 43
Info (12021): Found 1 design units, including 1 entities, in source file soc_system/synthesis/submodules/soc_system_mm_interconnect_1_cmd_mux.sv
    Info (12023): Found entity 1: soc_system_mm_interconnect_1_cmd_mux File: /home/david/Documents/ECE554_Capstone/FPGA_DMA/soc_system/synthesis/submodules/soc_system_mm_interconnect_1_cmd_mux.sv Line: 51
Info (12021): Found 1 design units, including 1 entities, in source file soc_system/synthesis/submodules/soc_system_mm_interconnect_1_cmd_demux.sv
    Info (12023): Found entity 1: soc_system_mm_interconnect_1_cmd_demux File: /home/david/Documents/ECE554_Capstone/FPGA_DMA/soc_system/synthesis/submodules/soc_system_mm_interconnect_1_cmd_demux.sv Line: 43
Info (12021): Found 1 design units, including 1 entities, in source file soc_system/synthesis/submodules/altera_merlin_burst_adapter.sv
    Info (12023): Found entity 1: altera_merlin_burst_adapter File: /home/david/Documents/ECE554_Capstone/FPGA_DMA/soc_system/synthesis/submodules/altera_merlin_burst_adapter.sv Line: 21
Info (12021): Found 1 design units, including 1 entities, in source file soc_system/synthesis/submodules/altera_merlin_burst_adapter_uncmpr.sv
    Info (12023): Found entity 1: altera_merlin_burst_adapter_uncompressed_only File: /home/david/Documents/ECE554_Capstone/FPGA_DMA/soc_system/synthesis/submodules/altera_merlin_burst_adapter_uncmpr.sv Line: 39
Info (12021): Found 5 design units, including 5 entities, in source file soc_system/synthesis/submodules/altera_merlin_burst_adapter_13_1.sv
    Info (12023): Found entity 1: altera_merlin_burst_adapter_burstwrap_increment File: /home/david/Documents/ECE554_Capstone/FPGA_DMA/soc_system/synthesis/submodules/altera_merlin_burst_adapter_13_1.sv Line: 40
    Info (12023): Found entity 2: altera_merlin_burst_adapter_adder File: /home/david/Documents/ECE554_Capstone/FPGA_DMA/soc_system/synthesis/submodules/altera_merlin_burst_adapter_13_1.sv Line: 55
    Info (12023): Found entity 3: altera_merlin_burst_adapter_subtractor File: /home/david/Documents/ECE554_Capstone/FPGA_DMA/soc_system/synthesis/submodules/altera_merlin_burst_adapter_13_1.sv Line: 77
    Info (12023): Found entity 4: altera_merlin_burst_adapter_min File: /home/david/Documents/ECE554_Capstone/FPGA_DMA/soc_system/synthesis/submodules/altera_merlin_burst_adapter_13_1.sv Line: 98
    Info (12023): Found entity 5: altera_merlin_burst_adapter_13_1 File: /home/david/Documents/ECE554_Capstone/FPGA_DMA/soc_system/synthesis/submodules/altera_merlin_burst_adapter_13_1.sv Line: 264
Info (12021): Found 1 design units, including 1 entities, in source file soc_system/synthesis/submodules/altera_merlin_burst_adapter_new.sv
    Info (12023): Found entity 1: altera_merlin_burst_adapter_new File: /home/david/Documents/ECE554_Capstone/FPGA_DMA/soc_system/synthesis/submodules/altera_merlin_burst_adapter_new.sv Line: 25
Info (12021): Found 1 design units, including 1 entities, in source file soc_system/synthesis/submodules/altera_incr_burst_converter.sv
    Info (12023): Found entity 1: altera_incr_burst_converter File: /home/david/Documents/ECE554_Capstone/FPGA_DMA/soc_system/synthesis/submodules/altera_incr_burst_converter.sv Line: 28
Info (12021): Found 1 design units, including 1 entities, in source file soc_system/synthesis/submodules/altera_wrap_burst_converter.sv
    Info (12023): Found entity 1: altera_wrap_burst_converter File: /home/david/Documents/ECE554_Capstone/FPGA_DMA/soc_system/synthesis/submodules/altera_wrap_burst_converter.sv Line: 27
Info (12021): Found 1 design units, including 1 entities, in source file soc_system/synthesis/submodules/altera_default_burst_converter.sv
    Info (12023): Found entity 1: altera_default_burst_converter File: /home/david/Documents/ECE554_Capstone/FPGA_DMA/soc_system/synthesis/submodules/altera_default_burst_converter.sv Line: 30
Info (12021): Found 1 design units, including 1 entities, in source file soc_system/synthesis/submodules/altera_avalon_st_pipeline_stage.sv
    Info (12023): Found entity 1: altera_avalon_st_pipeline_stage File: /home/david/Documents/ECE554_Capstone/FPGA_DMA/soc_system/synthesis/submodules/altera_avalon_st_pipeline_stage.sv Line: 22
Info (12021): Found 1 design units, including 1 entities, in source file soc_system/synthesis/submodules/altera_merlin_traffic_limiter.sv
    Info (12023): Found entity 1: altera_merlin_traffic_limiter File: /home/david/Documents/ECE554_Capstone/FPGA_DMA/soc_system/synthesis/submodules/altera_merlin_traffic_limiter.sv Line: 49
Info (12021): Found 2 design units, including 2 entities, in source file soc_system/synthesis/submodules/altera_merlin_reorder_memory.sv
    Info (12023): Found entity 1: altera_merlin_reorder_memory File: /home/david/Documents/ECE554_Capstone/FPGA_DMA/soc_system/synthesis/submodules/altera_merlin_reorder_memory.sv Line: 28
    Info (12023): Found entity 2: memory_pointer_controller File: /home/david/Documents/ECE554_Capstone/FPGA_DMA/soc_system/synthesis/submodules/altera_merlin_reorder_memory.sv Line: 185
Info (12021): Found 2 design units, including 2 entities, in source file soc_system/synthesis/submodules/soc_system_mm_interconnect_1_router_002.sv
    Info (12023): Found entity 1: soc_system_mm_interconnect_1_router_002_default_decode File: /home/david/Documents/ECE554_Capstone/FPGA_DMA/soc_system/synthesis/submodules/soc_system_mm_interconnect_1_router_002.sv Line: 45
    Info (12023): Found entity 2: soc_system_mm_interconnect_1_router_002 File: /home/david/Documents/ECE554_Capstone/FPGA_DMA/soc_system/synthesis/submodules/soc_system_mm_interconnect_1_router_002.sv Line: 84
Info (12021): Found 2 design units, including 2 entities, in source file soc_system/synthesis/submodules/soc_system_mm_interconnect_1_router.sv
    Info (12023): Found entity 1: soc_system_mm_interconnect_1_router_default_decode File: /home/david/Documents/ECE554_Capstone/FPGA_DMA/soc_system/synthesis/submodules/soc_system_mm_interconnect_1_router.sv Line: 45
    Info (12023): Found entity 2: soc_system_mm_interconnect_1_router File: /home/david/Documents/ECE554_Capstone/FPGA_DMA/soc_system/synthesis/submodules/soc_system_mm_interconnect_1_router.sv Line: 84
Info (12021): Found 1 design units, including 1 entities, in source file soc_system/synthesis/submodules/altera_merlin_slave_agent.sv
    Info (12023): Found entity 1: altera_merlin_slave_agent File: /home/david/Documents/ECE554_Capstone/FPGA_DMA/soc_system/synthesis/submodules/altera_merlin_slave_agent.sv Line: 34
Info (12021): Found 1 design units, including 1 entities, in source file soc_system/synthesis/submodules/altera_merlin_axi_master_ni.sv
    Info (12023): Found entity 1: altera_merlin_axi_master_ni File: /home/david/Documents/ECE554_Capstone/FPGA_DMA/soc_system/synthesis/submodules/altera_merlin_axi_master_ni.sv Line: 27
Info (12021): Found 1 design units, including 1 entities, in source file soc_system/synthesis/submodules/soc_system_pll_0.v
    Info (12023): Found entity 1: soc_system_pll_0 File: /home/david/Documents/ECE554_Capstone/FPGA_DMA/soc_system/synthesis/submodules/soc_system_pll_0.v Line: 2
Info (12021): Found 1 design units, including 1 entities, in source file soc_system/synthesis/submodules/soc_system_pio_1.v
    Info (12023): Found entity 1: soc_system_pio_1 File: /home/david/Documents/ECE554_Capstone/FPGA_DMA/soc_system/synthesis/submodules/soc_system_pio_1.v Line: 21
Info (12021): Found 1 design units, including 1 entities, in source file soc_system/synthesis/submodules/soc_system_pio_0.v
    Info (12023): Found entity 1: soc_system_pio_0 File: /home/david/Documents/ECE554_Capstone/FPGA_DMA/soc_system/synthesis/submodules/soc_system_pio_0.v Line: 21
Info (12021): Found 1 design units, including 1 entities, in source file soc_system/synthesis/submodules/soc_system_hps_0.v
    Info (12023): Found entity 1: soc_system_hps_0 File: /home/david/Documents/ECE554_Capstone/FPGA_DMA/soc_system/synthesis/submodules/soc_system_hps_0.v Line: 9
Info (12021): Found 1 design units, including 1 entities, in source file soc_system/synthesis/submodules/soc_system_hps_0_hps_io.v
    Info (12023): Found entity 1: soc_system_hps_0_hps_io File: /home/david/Documents/ECE554_Capstone/FPGA_DMA/soc_system/synthesis/submodules/soc_system_hps_0_hps_io.v Line: 9
Info (12021): Found 1 design units, including 1 entities, in source file soc_system/synthesis/submodules/hps_sdram.v
    Info (12023): Found entity 1: hps_sdram File: /home/david/Documents/ECE554_Capstone/FPGA_DMA/soc_system/synthesis/submodules/hps_sdram.v Line: 9
Info (12021): Found 1 design units, including 1 entities, in source file soc_system/synthesis/submodules/hps_sdram_p0.sv
    Info (12023): Found entity 1: hps_sdram_p0 File: /home/david/Documents/ECE554_Capstone/FPGA_DMA/soc_system/synthesis/submodules/hps_sdram_p0.sv Line: 18
Info (12021): Found 1 design units, including 1 entities, in source file soc_system/synthesis/submodules/hps_sdram_p0_reset.v
    Info (12023): Found entity 1: hps_sdram_p0_reset File: /home/david/Documents/ECE554_Capstone/FPGA_DMA/soc_system/synthesis/submodules/hps_sdram_p0_reset.v Line: 18
Info (12021): Found 1 design units, including 1 entities, in source file soc_system/synthesis/submodules/hps_sdram_p0_altdqdqs.v
    Info (12023): Found entity 1: hps_sdram_p0_altdqdqs File: /home/david/Documents/ECE554_Capstone/FPGA_DMA/soc_system/synthesis/submodules/hps_sdram_p0_altdqdqs.v Line: 17
Info (12021): Found 1 design units, including 1 entities, in source file soc_system/synthesis/submodules/hps_sdram_p0_clock_pair_generator.v
    Info (12023): Found entity 1: hps_sdram_p0_clock_pair_generator File: /home/david/Documents/ECE554_Capstone/FPGA_DMA/soc_system/synthesis/submodules/hps_sdram_p0_clock_pair_generator.v Line: 29
Info (12021): Found 1 design units, including 1 entities, in source file soc_system/synthesis/submodules/hps_sdram_p0_phy_csr.sv
    Info (12023): Found entity 1: hps_sdram_p0_phy_csr File: /home/david/Documents/ECE554_Capstone/FPGA_DMA/soc_system/synthesis/submodules/hps_sdram_p0_phy_csr.sv Line: 31
Info (12021): Found 1 design units, including 1 entities, in source file soc_system/synthesis/submodules/hps_sdram_pll.sv
    Info (12023): Found entity 1: hps_sdram_pll File: /home/david/Documents/ECE554_Capstone/FPGA_DMA/soc_system/synthesis/submodules/hps_sdram_pll.sv Line: 25
Info (12021): Found 1 design units, including 1 entities, in source file soc_system/synthesis/submodules/altera_mem_if_dll_cyclonev.sv
    Info (12023): Found entity 1: altera_mem_if_dll_cyclonev File: /home/david/Documents/ECE554_Capstone/FPGA_DMA/soc_system/synthesis/submodules/altera_mem_if_dll_cyclonev.sv Line: 23
Info (12021): Found 1 design units, including 1 entities, in source file soc_system/synthesis/submodules/hps_sdram_p0_iss_probe.v
    Info (12023): Found entity 1: hps_sdram_p0_iss_probe File: /home/david/Documents/ECE554_Capstone/FPGA_DMA/soc_system/synthesis/submodules/hps_sdram_p0_iss_probe.v Line: 17
Info (12021): Found 1 design units, including 1 entities, in source file soc_system/synthesis/submodules/hps_sdram_p0_reset_sync.v
    Info (12023): Found entity 1: hps_sdram_p0_reset_sync File: /home/david/Documents/ECE554_Capstone/FPGA_DMA/soc_system/synthesis/submodules/hps_sdram_p0_reset_sync.v Line: 17
Info (12021): Found 1 design units, including 1 entities, in source file soc_system/synthesis/submodules/hps_sdram_p0_acv_ldc.v
    Info (12023): Found entity 1: hps_sdram_p0_acv_ldc File: /home/david/Documents/ECE554_Capstone/FPGA_DMA/soc_system/synthesis/submodules/hps_sdram_p0_acv_ldc.v Line: 17
Info (12021): Found 1 design units, including 1 entities, in source file soc_system/synthesis/submodules/hps_sdram_p0_generic_ddio.v
    Info (12023): Found entity 1: hps_sdram_p0_generic_ddio File: /home/david/Documents/ECE554_Capstone/FPGA_DMA/soc_system/synthesis/submodules/hps_sdram_p0_generic_ddio.v Line: 17
Info (12021): Found 1 design units, including 1 entities, in source file soc_system/synthesis/submodules/altdq_dqs2_acv_connect_to_hard_phy_cyclonev.sv
    Info (12023): Found entity 1: altdq_dqs2_acv_connect_to_hard_phy_cyclonev File: /home/david/Documents/ECE554_Capstone/FPGA_DMA/soc_system/synthesis/submodules/altdq_dqs2_acv_connect_to_hard_phy_cyclonev.sv Line: 19
Info (12021): Found 1 design units, including 1 entities, in source file soc_system/synthesis/submodules/altera_mem_if_hard_memory_controller_top_cyclonev.sv
    Info (12023): Found entity 1: altera_mem_if_hard_memory_controller_top_cyclonev File: /home/david/Documents/ECE554_Capstone/FPGA_DMA/soc_system/synthesis/submodules/altera_mem_if_hard_memory_controller_top_cyclonev.sv Line: 18
Info (12021): Found 1 design units, including 1 entities, in source file soc_system/synthesis/submodules/hps_sdram_p0_acv_hard_addr_cmd_pads.v
    Info (12023): Found entity 1: hps_sdram_p0_acv_hard_addr_cmd_pads File: /home/david/Documents/ECE554_Capstone/FPGA_DMA/soc_system/synthesis/submodules/hps_sdram_p0_acv_hard_addr_cmd_pads.v Line: 17
Info (12021): Found 1 design units, including 1 entities, in source file soc_system/synthesis/submodules/hps_sdram_p0_acv_hard_memphy.v
    Info (12023): Found entity 1: hps_sdram_p0_acv_hard_memphy File: /home/david/Documents/ECE554_Capstone/FPGA_DMA/soc_system/synthesis/submodules/hps_sdram_p0_acv_hard_memphy.v Line: 21
Info (12021): Found 1 design units, including 1 entities, in source file soc_system/synthesis/submodules/altera_mem_if_hhp_qseq_synth_top.v
    Info (12023): Found entity 1: altera_mem_if_hhp_qseq_synth_top File: /home/david/Documents/ECE554_Capstone/FPGA_DMA/soc_system/synthesis/submodules/altera_mem_if_hhp_qseq_synth_top.v Line: 15
Info (12021): Found 1 design units, including 1 entities, in source file soc_system/synthesis/submodules/altera_mem_if_oct_cyclonev.sv
    Info (12023): Found entity 1: altera_mem_if_oct_cyclonev File: /home/david/Documents/ECE554_Capstone/FPGA_DMA/soc_system/synthesis/submodules/altera_mem_if_oct_cyclonev.sv Line: 23
Info (12021): Found 1 design units, including 1 entities, in source file soc_system/synthesis/submodules/hps_sdram_p0_acv_hard_io_pads.v
    Info (12023): Found entity 1: hps_sdram_p0_acv_hard_io_pads File: /home/david/Documents/ECE554_Capstone/FPGA_DMA/soc_system/synthesis/submodules/hps_sdram_p0_acv_hard_io_pads.v Line: 17
Info (12021): Found 1 design units, including 1 entities, in source file soc_system/synthesis/submodules/soc_system_hps_0_hps_io_border.sv
    Info (12023): Found entity 1: soc_system_hps_0_hps_io_border File: /home/david/Documents/ECE554_Capstone/FPGA_DMA/soc_system/synthesis/submodules/soc_system_hps_0_hps_io_border.sv Line: 14
Info (12021): Found 1 design units, including 1 entities, in source file soc_system/synthesis/submodules/soc_system_hps_0_fpga_interfaces.sv
    Info (12023): Found entity 1: soc_system_hps_0_fpga_interfaces File: /home/david/Documents/ECE554_Capstone/FPGA_DMA/soc_system/synthesis/submodules/soc_system_hps_0_fpga_interfaces.sv Line: 14
Info (12021): Found 3 design units, including 3 entities, in source file soc_system/synthesis/submodules/soc_system_fifo_0.v
    Info (12023): Found entity 1: soc_system_fifo_0_dual_clock_fifo File: /home/david/Documents/ECE554_Capstone/FPGA_DMA/soc_system/synthesis/submodules/soc_system_fifo_0.v Line: 21
    Info (12023): Found entity 2: soc_system_fifo_0_dcfifo_with_controls File: /home/david/Documents/ECE554_Capstone/FPGA_DMA/soc_system/synthesis/submodules/soc_system_fifo_0.v Line: 97
    Info (12023): Found entity 3: soc_system_fifo_0 File: /home/david/Documents/ECE554_Capstone/FPGA_DMA/soc_system/synthesis/submodules/soc_system_fifo_0.v Line: 157
Info (12021): Found 7 design units, including 7 entities, in source file soc_system/synthesis/submodules/soc_system_dma_0.v
    Info (12023): Found entity 1: soc_system_dma_0_read_data_mux File: /home/david/Documents/ECE554_Capstone/FPGA_DMA/soc_system/synthesis/submodules/soc_system_dma_0.v Line: 21
    Info (12023): Found entity 2: soc_system_dma_0_byteenables File: /home/david/Documents/ECE554_Capstone/FPGA_DMA/soc_system/synthesis/submodules/soc_system_dma_0.v Line: 158
    Info (12023): Found entity 3: soc_system_dma_0_fifo_module_fifo_ram_module File: /home/david/Documents/ECE554_Capstone/FPGA_DMA/soc_system/synthesis/submodules/soc_system_dma_0.v Line: 260
    Info (12023): Found entity 4: soc_system_dma_0_fifo_module File: /home/david/Documents/ECE554_Capstone/FPGA_DMA/soc_system/synthesis/submodules/soc_system_dma_0.v Line: 359
    Info (12023): Found entity 5: soc_system_dma_0_mem_read File: /home/david/Documents/ECE554_Capstone/FPGA_DMA/soc_system/synthesis/submodules/soc_system_dma_0.v Line: 523
    Info (12023): Found entity 6: soc_system_dma_0_mem_write File: /home/david/Documents/ECE554_Capstone/FPGA_DMA/soc_system/synthesis/submodules/soc_system_dma_0.v Line: 611
    Info (12023): Found entity 7: soc_system_dma_0 File: /home/david/Documents/ECE554_Capstone/FPGA_DMA/soc_system/synthesis/submodules/soc_system_dma_0.v Line: 661
Info (12021): Found 1 design units, including 1 entities, in source file soc_system/synthesis/submodules/axi_conduit_merger.v
    Info (12023): Found entity 1: axi_conduit_merger File: /home/david/Documents/ECE554_Capstone/FPGA_DMA/soc_system/synthesis/submodules/axi_conduit_merger.v Line: 1
Info (12021): Found 1 design units, including 1 entities, in source file ip/altsource_probe/hps_reset.v
    Info (12023): Found entity 1: hps_reset File: /home/david/Documents/ECE554_Capstone/FPGA_DMA/ip/altsource_probe/hps_reset.v Line: 40
Info (12021): Found 1 design units, including 1 entities, in source file ip/debounce/debounce.v
    Info (12023): Found entity 1: debounce File: /home/david/Documents/ECE554_Capstone/FPGA_DMA/ip/debounce/debounce.v Line: 13
Info (12021): Found 1 design units, including 1 entities, in source file ip/edge_detect/altera_edge_detector.v
    Info (12023): Found entity 1: altera_edge_detector File: /home/david/Documents/ECE554_Capstone/FPGA_DMA/ip/edge_detect/altera_edge_detector.v Line: 1
Warning (10261): Verilog HDL Event Control warning at ghrd_top.v(354): Event Control contains a complex event expression File: /home/david/Documents/ECE554_Capstone/FPGA_DMA/ghrd_top.v Line: 354
Warning (10275): Verilog HDL Module Instantiation warning at ghrd_top.v(462): ignored dangling comma in List of Port Connections File: /home/david/Documents/ECE554_Capstone/FPGA_DMA/ghrd_top.v Line: 462
Warning (10275): Verilog HDL Module Instantiation warning at ghrd_top.v(470): ignored dangling comma in List of Port Connections File: /home/david/Documents/ECE554_Capstone/FPGA_DMA/ghrd_top.v Line: 470
Warning (10275): Verilog HDL Module Instantiation warning at ghrd_top.v(478): ignored dangling comma in List of Port Connections File: /home/david/Documents/ECE554_Capstone/FPGA_DMA/ghrd_top.v Line: 478
Warning (10275): Verilog HDL Module Instantiation warning at ghrd_top.v(486): ignored dangling comma in List of Port Connections File: /home/david/Documents/ECE554_Capstone/FPGA_DMA/ghrd_top.v Line: 486
Info (12021): Found 1 design units, including 1 entities, in source file ghrd_top.v
    Info (12023): Found entity 1: ghrd_top File: /home/david/Documents/ECE554_Capstone/FPGA_DMA/ghrd_top.v Line: 36
Info (12021): Found 1 design units, including 1 entities, in source file db/ip/Mic_Clk_Ctrl/Mic_Clk_Ctrl.v
    Info (12023): Found entity 1: Mic_Clk_Ctrl File: /home/david/Documents/ECE554_Capstone/FPGA_DMA/db/ip/Mic_Clk_Ctrl/Mic_Clk_Ctrl.v Line: 6
Info (12021): Found 2 design units, including 2 entities, in source file db/ip/Mic_Clk_Ctrl/submodules/Mic_Clk_Ctrl_altclkctrl_0.v
    Info (12023): Found entity 1: Mic_Clk_Ctrl_altclkctrl_0_sub File: /home/david/Documents/ECE554_Capstone/FPGA_DMA/db/ip/Mic_Clk_Ctrl/submodules/Mic_Clk_Ctrl_altclkctrl_0.v Line: 29
    Info (12023): Found entity 2: Mic_Clk_Ctrl_altclkctrl_0 File: /home/david/Documents/ECE554_Capstone/FPGA_DMA/db/ip/Mic_Clk_Ctrl/submodules/Mic_Clk_Ctrl_altclkctrl_0.v Line: 102
Info (12021): Found 1 design units, including 1 entities, in source file db/ip/ADC_Controller/ADC_Controller.v
    Info (12023): Found entity 1: ADC_Controller File: /home/david/Documents/ECE554_Capstone/FPGA_DMA/db/ip/ADC_Controller/ADC_Controller.v Line: 6
Info (12021): Found 1 design units, including 1 entities, in source file db/ip/ADC_Controller/submodules/ADC_Controller_adc_mega_0.v
    Info (12023): Found entity 1: ADC_Controller_adc_mega_0 File: /home/david/Documents/ECE554_Capstone/FPGA_DMA/db/ip/ADC_Controller/submodules/ADC_Controller_adc_mega_0.v Line: 22
Info (12021): Found 1 design units, including 1 entities, in source file db/ip/ADC_Controller/submodules/altera_up_avalon_adv_adc.v
    Info (12023): Found entity 1: altera_up_avalon_adv_adc File: /home/david/Documents/ECE554_Capstone/FPGA_DMA/db/ip/ADC_Controller/submodules/altera_up_avalon_adv_adc.v Line: 23
Warning (10236): Verilog HDL Implicit Net warning at altera_edge_detector.v(21): created implicit net for "reset_qual_n" File: /home/david/Documents/ECE554_Capstone/FPGA_DMA/ip/edge_detect/altera_edge_detector.v Line: 21
Warning (10236): Verilog HDL Implicit Net warning at hps_sdram_pll.sv(168): created implicit net for "pll_dr_clk" File: /home/david/Documents/ECE554_Capstone/FPGA_DMA/soc_system/synthesis/submodules/hps_sdram_pll.sv Line: 168
Info (12127): Elaborating entity "ghrd_top" for the top level hierarchy
Warning (10858): Verilog HDL warning at ghrd_top.v(209): object fpga_led_internal used but never assigned File: /home/david/Documents/ECE554_Capstone/FPGA_DMA/ghrd_top.v Line: 209
Error (10200): Verilog HDL Conditional Statement error at ghrd_top.v(355): cannot match operand(s) in the condition to the corresponding edges in the enclosing event control of the always construct File: /home/david/Documents/ECE554_Capstone/FPGA_DMA/ghrd_top.v Line: 355
Warning (10240): Verilog HDL Always Construct warning at ghrd_top.v(354): inferring latch(es) for variable "pos_neg_valid", which holds its previous value in one or more paths through the always construct File: /home/david/Documents/ECE554_Capstone/FPGA_DMA/ghrd_top.v Line: 354
Warning (10030): Net "fpga_led_internal" at ghrd_top.v(209) has no driver or initial value, using a default initial value '0' File: /home/david/Documents/ECE554_Capstone/FPGA_DMA/ghrd_top.v Line: 209
Warning (10034): Output port "DRAM_ADDR" at ghrd_top.v(69) has no driver File: /home/david/Documents/ECE554_Capstone/FPGA_DMA/ghrd_top.v Line: 69
Warning (10034): Output port "DRAM_BA" at ghrd_top.v(70) has no driver File: /home/david/Documents/ECE554_Capstone/FPGA_DMA/ghrd_top.v Line: 70
Warning (10034): Output port "LEDR[4..1]" at ghrd_top.v(175) has no driver File: /home/david/Documents/ECE554_Capstone/FPGA_DMA/ghrd_top.v Line: 175
Warning (10034): Output port "VGA_B" at ghrd_top.v(195) has no driver File: /home/david/Documents/ECE554_Capstone/FPGA_DMA/ghrd_top.v Line: 195
Warning (10034): Output port "VGA_G" at ghrd_top.v(198) has no driver File: /home/david/Documents/ECE554_Capstone/FPGA_DMA/ghrd_top.v Line: 198
Warning (10034): Output port "VGA_R" at ghrd_top.v(200) has no driver File: /home/david/Documents/ECE554_Capstone/FPGA_DMA/ghrd_top.v Line: 200
Warning (10034): Output port "AUD_DACDAT" at ghrd_top.v(52) has no driver File: /home/david/Documents/ECE554_Capstone/FPGA_DMA/ghrd_top.v Line: 52
Warning (10034): Output port "AUD_XCK" at ghrd_top.v(54) has no driver File: /home/david/Documents/ECE554_Capstone/FPGA_DMA/ghrd_top.v Line: 54
Warning (10034): Output port "DRAM_CAS_N" at ghrd_top.v(71) has no driver File: /home/david/Documents/ECE554_Capstone/FPGA_DMA/ghrd_top.v Line: 71
Warning (10034): Output port "DRAM_CKE" at ghrd_top.v(72) has no driver File: /home/david/Documents/ECE554_Capstone/FPGA_DMA/ghrd_top.v Line: 72
Warning (10034): Output port "DRAM_CLK" at ghrd_top.v(73) has no driver File: /home/david/Documents/ECE554_Capstone/FPGA_DMA/ghrd_top.v Line: 73
Warning (10034): Output port "DRAM_CS_N" at ghrd_top.v(74) has no driver File: /home/david/Documents/ECE554_Capstone/FPGA_DMA/ghrd_top.v Line: 74
Warning (10034): Output port "DRAM_LDQM" at ghrd_top.v(76) has no driver File: /home/david/Documents/ECE554_Capstone/FPGA_DMA/ghrd_top.v Line: 76
Warning (10034): Output port "DRAM_RAS_N" at ghrd_top.v(77) has no driver File: /home/david/Documents/ECE554_Capstone/FPGA_DMA/ghrd_top.v Line: 77
Warning (10034): Output port "DRAM_UDQM" at ghrd_top.v(78) has no driver File: /home/david/Documents/ECE554_Capstone/FPGA_DMA/ghrd_top.v Line: 78
Warning (10034): Output port "DRAM_WE_N" at ghrd_top.v(79) has no driver File: /home/david/Documents/ECE554_Capstone/FPGA_DMA/ghrd_top.v Line: 79
Warning (10034): Output port "FAN_CTRL" at ghrd_top.v(82) has no driver File: /home/david/Documents/ECE554_Capstone/FPGA_DMA/ghrd_top.v Line: 82
Warning (10034): Output port "FPGA_I2C_SCLK" at ghrd_top.v(85) has no driver File: /home/david/Documents/ECE554_Capstone/FPGA_DMA/ghrd_top.v Line: 85
Warning (10034): Output port "IRDA_TXD" at ghrd_top.v(169) has no driver File: /home/david/Documents/ECE554_Capstone/FPGA_DMA/ghrd_top.v Line: 169
Warning (10034): Output port "TD_RESET_N" at ghrd_top.v(190) has no driver File: /home/david/Documents/ECE554_Capstone/FPGA_DMA/ghrd_top.v Line: 190
Warning (10034): Output port "VGA_BLANK_N" at ghrd_top.v(196) has no driver File: /home/david/Documents/ECE554_Capstone/FPGA_DMA/ghrd_top.v Line: 196
Warning (10034): Output port "VGA_CLK" at ghrd_top.v(197) has no driver File: /home/david/Documents/ECE554_Capstone/FPGA_DMA/ghrd_top.v Line: 197
Warning (10034): Output port "VGA_HS" at ghrd_top.v(199) has no driver File: /home/david/Documents/ECE554_Capstone/FPGA_DMA/ghrd_top.v Line: 199
Warning (10034): Output port "VGA_SYNC_N" at ghrd_top.v(201) has no driver File: /home/david/Documents/ECE554_Capstone/FPGA_DMA/ghrd_top.v Line: 201
Warning (10034): Output port "VGA_VS" at ghrd_top.v(203) has no driver File: /home/david/Documents/ECE554_Capstone/FPGA_DMA/ghrd_top.v Line: 203
Info (10041): Inferred latch for "pos_neg_valid" at ghrd_top.v(354) File: /home/david/Documents/ECE554_Capstone/FPGA_DMA/ghrd_top.v Line: 354
Error (12153): Can't elaborate top-level user hierarchy
Info (144001): Generated suppressed messages file /home/david/Documents/ECE554_Capstone/FPGA_DMA/soc_system.map.smsg
Error: Quartus Prime Analysis & Synthesis was unsuccessful. 2 errors, 36 warnings
    Error: Peak virtual memory: 462 megabytes
    Error: Processing ended: Wed Apr 15 21:16:01 2026
    Error: Elapsed time: 00:00:25
    Error: Total CPU time (on all processors): 00:00:50


+------------------------------------------+
; Analysis & Synthesis Suppressed Messages ;
+------------------------------------------+
The suppressed messages can be found in /home/david/Documents/ECE554_Capstone/FPGA_DMA/soc_system.map.smsg.


